[0.010s] Invoking command in '/home/bakelbakel/Documents/ros2_ex/build/my_robot_interfaces': CMAKE_PREFIX_PATH=${CMAKE_PREFIX_PATH}:/opt/ros/jazzy DEBUGINFOD_URLS=https://debuginfod.ubuntu.com /usr/bin/cmake /home/bakelbakel/Documents/ros2_ex/src/my_robot_interfaces -DAMENT_CMAKE_SYMLINK_INSTALL=1 -DCMAKE_INSTALL_PREFIX=/home/bakelbakel/Documents/ros2_ex/install/my_robot_interfaces
[0.112s] -- The C compiler identification is GNU 13.3.0
[0.183s] -- The CXX compiler identification is GNU 13.3.0
[0.201s] -- Detecting C compiler ABI info
[0.280s] -- Detecting C compiler ABI info - done
[0.288s] -- Check for working C compiler: /usr/bin/cc - skipped
[0.288s] -- Detecting C compile features
[0.288s] -- Detecting C compile features - done
[0.297s] -- Detecting CXX compiler ABI info
[0.379s] -- Detecting CXX compiler ABI info - done
[0.388s] -- Check for working CXX compiler: /usr/bin/c++ - skipped
[0.388s] -- Detecting CXX compile features
[0.388s] -- Detecting CXX compile features - done
[0.401s] -- Found ament_cmake: 2.5.3 (/opt/ros/jazzy/share/ament_cmake/cmake)
[0.723s] -- Found Python3: /usr/bin/python3 (found version "3.12.3") found components: Interpreter 
[0.791s] -- Override CMake install command with custom implementation using symlinks instead of copying resources
[0.826s] -- Found rosidl_default_generators: 1.6.0 (/opt/ros/jazzy/share/rosidl_default_generators/cmake)
[0.832s] -- Using all available rosidl_typesupport_c: rosidl_typesupport_fastrtps_c;rosidl_typesupport_introspection_c
[0.885s] -- Using all available rosidl_typesupport_cpp: rosidl_typesupport_fastrtps_cpp;rosidl_typesupport_introspection_cpp
[0.923s] -- Found rosidl_adapter: 4.6.5 (/opt/ros/jazzy/share/rosidl_adapter/cmake)
[1.399s] -- Found ament_cmake_ros: 0.12.0 (/opt/ros/jazzy/share/ament_cmake_ros/cmake)
[1.751s] -- Using all available rosidl_typesupport_c: rosidl_typesupport_fastrtps_c;rosidl_typesupport_introspection_c
[2.215s] -- Using all available rosidl_typesupport_cpp: rosidl_typesupport_fastrtps_cpp;rosidl_typesupport_introspection_cpp
[2.218s] -- Found python_cmake_module: 0.11.1 (/opt/ros/jazzy/share/python_cmake_module/cmake)
[2.320s] -- Found PythonExtra: /usr/bin/python3  
[2.672s] -- Found Python3: /usr/bin/python3 (found version "3.12.3") found components: Interpreter Development NumPy Development.Module Development.Embed 
[2.704s] -- Configuring done (2.7s)
[2.729s] -- Generating done (0.0s)
[2.735s] -- Build files have been written to: /home/bakelbakel/Documents/ros2_ex/build/my_robot_interfaces
[2.741s] Invoked command in '/home/bakelbakel/Documents/ros2_ex/build/my_robot_interfaces' returned '0': CMAKE_PREFIX_PATH=${CMAKE_PREFIX_PATH}:/opt/ros/jazzy DEBUGINFOD_URLS=https://debuginfod.ubuntu.com /usr/bin/cmake /home/bakelbakel/Documents/ros2_ex/src/my_robot_interfaces -DAMENT_CMAKE_SYMLINK_INSTALL=1 -DCMAKE_INSTALL_PREFIX=/home/bakelbakel/Documents/ros2_ex/install/my_robot_interfaces
[2.742s] Invoking command in '/home/bakelbakel/Documents/ros2_ex/build/my_robot_interfaces': CMAKE_PREFIX_PATH=${CMAKE_PREFIX_PATH}:/opt/ros/jazzy DEBUGINFOD_URLS=https://debuginfod.ubuntu.com /usr/bin/cmake --build /home/bakelbakel/Documents/ros2_ex/build/my_robot_interfaces -- -j12 -l12
[2.789s] [  1%] [34m[1mGenerating type hashes for ROS interfaces[0m
[2.797s] [  1%] Built target ament_cmake_python_symlink_my_robot_interfaces
[2.937s] [  1%] Built target my_robot_interfaces__rosidl_generator_type_description
[2.939s] running egg_info
[2.939s] creating my_robot_interfaces.egg-info
[2.946s] [  3%] [34m[1mGenerating C code for ROS interfaces[0m
[2.951s] writing my_robot_interfaces.egg-info/PKG-INFO
[2.951s] writing dependency_links to my_robot_interfaces.egg-info/dependency_links.txt
[2.951s] writing top-level names to my_robot_interfaces.egg-info/top_level.txt
[2.959s] [  4%] [34m[1mGenerating C++ code for ROS interfaces[0m
[3.064s] writing manifest file 'my_robot_interfaces.egg-info/SOURCES.txt'
[3.101s] reading manifest file 'my_robot_interfaces.egg-info/SOURCES.txt'
[3.101s] writing manifest file 'my_robot_interfaces.egg-info/SOURCES.txt'
[3.129s] [  4%] Built target ament_cmake_python_build_my_robot_interfaces_egg
[3.222s] [  4%] Built target my_robot_interfaces__cpp
[3.277s] [ 10%] [32mBuilding C object CMakeFiles/my_robot_interfaces__rosidl_generator_c.dir/rosidl_generator_c/my_robot_interfaces/msg/detail/hardware_status__functions.c.o[0m
[3.279s] [ 20%] [32mBuilding C object CMakeFiles/my_robot_interfaces__rosidl_generator_c.dir/rosidl_generator_c/my_robot_interfaces/srv/detail/compute_rectangle_area__description.c.o[0m
[3.279s] [ 10%] [32mBuilding C object CMakeFiles/my_robot_interfaces__rosidl_generator_c.dir/rosidl_generator_c/my_robot_interfaces/srv/detail/compute_rectangle_area__functions.c.o[0m
[3.279s] [ 10%] [32mBuilding C object CMakeFiles/my_robot_interfaces__rosidl_generator_c.dir/rosidl_generator_c/my_robot_interfaces/msg/detail/led_state_array__functions.c.o[0m
[3.280s] [ 21%] [32mBuilding C object CMakeFiles/my_robot_interfaces__rosidl_generator_c.dir/rosidl_generator_c/my_robot_interfaces/srv/detail/compute_rectangle_area__type_support.c.o[0m
[3.280s] [ 21%] [32mBuilding C object CMakeFiles/my_robot_interfaces__rosidl_generator_c.dir/rosidl_generator_c/my_robot_interfaces/srv/detail/set_led__type_support.c.o[0m
[3.280s] [ 21%] [32mBuilding C object CMakeFiles/my_robot_interfaces__rosidl_generator_c.dir/rosidl_generator_c/my_robot_interfaces/msg/detail/led_state_array__type_support.c.o[0m
[3.280s] [ 21%] [32mBuilding C object CMakeFiles/my_robot_interfaces__rosidl_generator_c.dir/rosidl_generator_c/my_robot_interfaces/msg/detail/hardware_status__type_support.c.o[0m
[3.280s] [ 21%] [32mBuilding C object CMakeFiles/my_robot_interfaces__rosidl_generator_c.dir/rosidl_generator_c/my_robot_interfaces/msg/detail/led_state_array__description.c.o[0m
[3.280s] [ 21%] [32mBuilding C object CMakeFiles/my_robot_interfaces__rosidl_generator_c.dir/rosidl_generator_c/my_robot_interfaces/msg/detail/hardware_status__description.c.o[0m
[3.280s] [ 21%] [32mBuilding C object CMakeFiles/my_robot_interfaces__rosidl_generator_c.dir/rosidl_generator_c/my_robot_interfaces/srv/detail/set_led__functions.c.o[0m
[3.280s] [ 23%] [32mBuilding C object CMakeFiles/my_robot_interfaces__rosidl_generator_c.dir/rosidl_generator_c/my_robot_interfaces/srv/detail/set_led__description.c.o[0m
[3.357s] [ 25%] [32m[1mLinking C shared library libmy_robot_interfaces__rosidl_generator_c.so[0m
[3.390s] [ 25%] Built target my_robot_interfaces__rosidl_generator_c
[3.399s] [ 31%] [34m[1mGenerating C introspection for ROS interfaces[0m
[3.399s] [ 31%] [34m[1mGenerating C type support for eProsima Fast-RTPS[0m
[3.399s] [ 31%] [34m[1mGenerating C++ type support for eProsima Fast-RTPS[0m
[3.399s] [ 31%] [34m[1mGenerating C type support dispatch for ROS interfaces[0m
[3.402s] [ 32%] [34m[1mGenerating C++ type support dispatch for ROS interfaces[0m
[3.402s] [ 34%] [34m[1mGenerating C++ introspection for ROS interfaces[0m
[3.608s] [ 37%] [32mBuilding CXX object CMakeFiles/my_robot_interfaces__rosidl_typesupport_cpp.dir/rosidl_typesupport_cpp/my_robot_interfaces/msg/led_state_array__type_support.cpp.o[0m
[3.608s] [ 37%] [32mBuilding CXX object CMakeFiles/my_robot_interfaces__rosidl_typesupport_cpp.dir/rosidl_typesupport_cpp/my_robot_interfaces/srv/set_led__type_support.cpp.o[0m
[3.608s] [ 40%] [32mBuilding CXX object CMakeFiles/my_robot_interfaces__rosidl_typesupport_cpp.dir/rosidl_typesupport_cpp/my_robot_interfaces/msg/hardware_status__type_support.cpp.o[0m
[3.608s] [ 40%] [32mBuilding CXX object CMakeFiles/my_robot_interfaces__rosidl_typesupport_cpp.dir/rosidl_typesupport_cpp/my_robot_interfaces/srv/compute_rectangle_area__type_support.cpp.o[0m
[3.668s] [ 46%] [32mBuilding CXX object CMakeFiles/my_robot_interfaces__rosidl_typesupport_c.dir/rosidl_typesupport_c/my_robot_interfaces/srv/compute_rectangle_area__type_support.cpp.o[0m
[3.668s] [ 46%] [32mBuilding CXX object CMakeFiles/my_robot_interfaces__rosidl_typesupport_c.dir/rosidl_typesupport_c/my_robot_interfaces/msg/led_state_array__type_support.cpp.o[0m
[3.668s] [ 46%] [32mBuilding CXX object CMakeFiles/my_robot_interfaces__rosidl_typesupport_c.dir/rosidl_typesupport_c/my_robot_interfaces/srv/set_led__type_support.cpp.o[0m
[3.669s] [ 46%] [32mBuilding CXX object CMakeFiles/my_robot_interfaces__rosidl_typesupport_c.dir/rosidl_typesupport_c/my_robot_interfaces/msg/hardware_status__type_support.cpp.o[0m
[3.682s] [ 48%] [32mBuilding CXX object CMakeFiles/my_robot_interfaces__rosidl_typesupport_introspection_cpp.dir/rosidl_typesupport_introspection_cpp/my_robot_interfaces/msg/detail/hardware_status__type_support.cpp.o[0m
[3.726s] [ 51%] [32mBuilding CXX object CMakeFiles/my_robot_interfaces__rosidl_typesupport_introspection_cpp.dir/rosidl_typesupport_introspection_cpp/my_robot_interfaces/srv/detail/compute_rectangle_area__type_support.cpp.o[0m
[3.726s] [ 51%] [32mBuilding CXX object CMakeFiles/my_robot_interfaces__rosidl_typesupport_introspection_cpp.dir/rosidl_typesupport_introspection_cpp/my_robot_interfaces/msg/detail/led_state_array__type_support.cpp.o[0m
[3.736s] [ 53%] [32m[1mLinking CXX shared library libmy_robot_interfaces__rosidl_typesupport_c.so[0m
[3.736s] [ 54%] [32mBuilding CXX object CMakeFiles/my_robot_interfaces__rosidl_typesupport_introspection_cpp.dir/rosidl_typesupport_introspection_cpp/my_robot_interfaces/srv/detail/set_led__type_support.cpp.o[0m
[3.808s] [ 54%] Built target my_robot_interfaces__rosidl_typesupport_c
[3.890s] [ 56%] [32mBuilding CXX object CMakeFiles/my_robot_interfaces__rosidl_typesupport_fastrtps_cpp.dir/rosidl_typesupport_fastrtps_cpp/my_robot_interfaces/msg/detail/dds_fastrtps/led_state_array__type_support.cpp.o[0m
[3.909s] [ 57%] [32mBuilding CXX object CMakeFiles/my_robot_interfaces__rosidl_typesupport_fastrtps_cpp.dir/rosidl_typesupport_fastrtps_cpp/my_robot_interfaces/msg/detail/dds_fastrtps/hardware_status__type_support.cpp.o[0m
[3.913s] [ 59%] [32mBuilding C object CMakeFiles/my_robot_interfaces__rosidl_typesupport_introspection_c.dir/rosidl_typesupport_introspection_c/my_robot_interfaces/msg/detail/hardware_status__type_support.c.o[0m
[3.995s] [ 60%] [32mBuilding C object CMakeFiles/my_robot_interfaces__rosidl_typesupport_introspection_c.dir/rosidl_typesupport_introspection_c/my_robot_interfaces/msg/detail/led_state_array__type_support.c.o[0m
[4.081s] [ 62%] [32mBuilding C object CMakeFiles/my_robot_interfaces__rosidl_typesupport_introspection_c.dir/rosidl_typesupport_introspection_c/my_robot_interfaces/srv/detail/compute_rectangle_area__type_support.c.o[0m
[4.113s] [ 64%] [32mBuilding CXX object CMakeFiles/my_robot_interfaces__rosidl_typesupport_fastrtps_cpp.dir/rosidl_typesupport_fastrtps_cpp/my_robot_interfaces/srv/detail/dds_fastrtps/compute_rectangle_area__type_support.cpp.o[0m
[4.132s] [ 65%] [32mBuilding C object CMakeFiles/my_robot_interfaces__rosidl_typesupport_introspection_c.dir/rosidl_typesupport_introspection_c/my_robot_interfaces/srv/detail/set_led__type_support.c.o[0m
[4.153s] [ 67%] [32mBuilding CXX object CMakeFiles/my_robot_interfaces__rosidl_typesupport_fastrtps_c.dir/rosidl_typesupport_fastrtps_c/my_robot_interfaces/msg/detail/hardware_status__type_support_c.cpp.o[0m
[4.169s] [ 68%] [32mBuilding CXX object CMakeFiles/my_robot_interfaces__rosidl_typesupport_fastrtps_cpp.dir/rosidl_typesupport_fastrtps_cpp/my_robot_interfaces/srv/detail/dds_fastrtps/set_led__type_support.cpp.o[0m
[4.199s] [ 70%] [32mBuilding CXX object CMakeFiles/my_robot_interfaces__rosidl_typesupport_fastrtps_c.dir/rosidl_typesupport_fastrtps_c/my_robot_interfaces/msg/detail/led_state_array__type_support_c.cpp.o[0m
[4.199s] [ 71%] [32m[1mLinking C shared library libmy_robot_interfaces__rosidl_typesupport_introspection_c.so[0m
[4.269s] [ 73%] [32mBuilding CXX object CMakeFiles/my_robot_interfaces__rosidl_typesupport_fastrtps_c.dir/rosidl_typesupport_fastrtps_c/my_robot_interfaces/srv/detail/compute_rectangle_area__type_support_c.cpp.o[0m
[4.278s] [ 73%] Built target my_robot_interfaces__rosidl_typesupport_introspection_c
[4.284s] [ 75%] [32mBuilding CXX object CMakeFiles/my_robot_interfaces__rosidl_typesupport_fastrtps_c.dir/rosidl_typesupport_fastrtps_c/my_robot_interfaces/srv/detail/set_led__type_support_c.cpp.o[0m
[4.296s] [ 76%] [32m[1mLinking CXX shared library libmy_robot_interfaces__rosidl_typesupport_cpp.so[0m
[4.417s] [ 78%] [32m[1mLinking CXX shared library libmy_robot_interfaces__rosidl_typesupport_introspection_cpp.so[0m
[4.515s] [ 78%] Built target my_robot_interfaces__rosidl_typesupport_cpp
[4.646s] [ 78%] Built target my_robot_interfaces__rosidl_typesupport_introspection_cpp
[4.875s] [ 79%] [32m[1mLinking CXX shared library libmy_robot_interfaces__rosidl_typesupport_fastrtps_cpp.so[0m
[4.914s] [ 81%] [32m[1mLinking CXX shared library libmy_robot_interfaces__rosidl_typesupport_fastrtps_c.so[0m
[4.940s] [ 81%] Built target my_robot_interfaces__rosidl_typesupport_fastrtps_cpp
[4.972s] [ 81%] Built target my_robot_interfaces__rosidl_typesupport_fastrtps_c
[4.990s] [ 81%] Built target my_robot_interfaces
[5.008s] [ 82%] [34m[1mGenerating Python code for ROS interfaces[0m
[5.385s] [ 82%] Built target my_robot_interfaces__py
[5.410s] [ 87%] [32mBuilding C object CMakeFiles/my_robot_interfaces__rosidl_generator_py.dir/rosidl_generator_py/my_robot_interfaces/msg/_hardware_status_s.c.o[0m
[5.410s] [ 87%] [32mBuilding C object CMakeFiles/my_robot_interfaces__rosidl_generator_py.dir/rosidl_generator_py/my_robot_interfaces/srv/_compute_rectangle_area_s.c.o[0m
[5.410s] [ 87%] [32mBuilding C object CMakeFiles/my_robot_interfaces__rosidl_generator_py.dir/rosidl_generator_py/my_robot_interfaces/msg/_led_state_array_s.c.o[0m
[5.411s] [ 89%] [32mBuilding C object CMakeFiles/my_robot_interfaces__rosidl_generator_py.dir/rosidl_generator_py/my_robot_interfaces/srv/_set_led_s.c.o[0m
[5.525s] [ 90%] [32m[1mLinking C shared library libmy_robot_interfaces__rosidl_generator_py.so[0m
[5.560s] [ 90%] Built target my_robot_interfaces__rosidl_generator_py
[5.576s] [ 92%] [32mBuilding C object CMakeFiles/my_robot_interfaces_s__rosidl_typesupport_introspection_c.dir/rosidl_generator_py/my_robot_interfaces/_my_robot_interfaces_s.ep.rosidl_typesupport_introspection_c.c.o[0m
[5.578s] [ 93%] [32mBuilding C object CMakeFiles/my_robot_interfaces_s__rosidl_typesupport_c.dir/rosidl_generator_py/my_robot_interfaces/_my_robot_interfaces_s.ep.rosidl_typesupport_c.c.o[0m
[5.582s] [ 95%] [32mBuilding C object CMakeFiles/my_robot_interfaces_s__rosidl_typesupport_fastrtps_c.dir/rosidl_generator_py/my_robot_interfaces/_my_robot_interfaces_s.ep.rosidl_typesupport_fastrtps_c.c.o[0m
[5.657s] [ 96%] [32m[1mLinking C shared module rosidl_generator_py/my_robot_interfaces/my_robot_interfaces_s__rosidl_typesupport_introspection_c.so[0m
[5.658s] [ 98%] [32m[1mLinking C shared module rosidl_generator_py/my_robot_interfaces/my_robot_interfaces_s__rosidl_typesupport_c.so[0m
[5.663s] [100%] [32m[1mLinking C shared module rosidl_generator_py/my_robot_interfaces/my_robot_interfaces_s__rosidl_typesupport_fastrtps_c.so[0m
[5.684s] [100%] Built target my_robot_interfaces_s__rosidl_typesupport_c
[5.684s] [100%] Built target my_robot_interfaces_s__rosidl_typesupport_introspection_c
[5.695s] [100%] Built target my_robot_interfaces_s__rosidl_typesupport_fastrtps_c
[5.708s] Invoked command in '/home/bakelbakel/Documents/ros2_ex/build/my_robot_interfaces' returned '0': CMAKE_PREFIX_PATH=${CMAKE_PREFIX_PATH}:/opt/ros/jazzy DEBUGINFOD_URLS=https://debuginfod.ubuntu.com /usr/bin/cmake --build /home/bakelbakel/Documents/ros2_ex/build/my_robot_interfaces -- -j12 -l12
[5.717s] Invoking command in '/home/bakelbakel/Documents/ros2_ex/build/my_robot_interfaces': CMAKE_PREFIX_PATH=${CMAKE_PREFIX_PATH}:/opt/ros/jazzy DEBUGINFOD_URLS=https://debuginfod.ubuntu.com /usr/bin/cmake --install /home/bakelbakel/Documents/ros2_ex/build/my_robot_interfaces
[5.723s] -- Install configuration: ""
[5.724s] -- Execute custom install script
[5.724s] -- Symlinking: /home/bakelbakel/Documents/ros2_ex/install/my_robot_interfaces/share/ament_index/resource_index/rosidl_interfaces/my_robot_interfaces
[5.731s] -- Symlinking: /home/bakelbakel/Documents/ros2_ex/install/my_robot_interfaces/share/my_robot_interfaces/msg/HardwareStatus.json
[5.738s] -- Symlinking: /home/bakelbakel/Documents/ros2_ex/install/my_robot_interfaces/share/my_robot_interfaces/msg/LedStateArray.json
[5.747s] -- Symlinking: /home/bakelbakel/Documents/ros2_ex/install/my_robot_interfaces/share/my_robot_interfaces/srv/ComputeRectangleArea.json
[5.754s] -- Symlinking: /home/bakelbakel/Documents/ros2_ex/install/my_robot_interfaces/share/my_robot_interfaces/srv/SetLed.json
[5.762s] -- Symlinking: /home/bakelbakel/Documents/ros2_ex/install/my_robot_interfaces/include/my_robot_interfaces/my_robot_interfaces/msg/detail/hardware_status__functions.h
[5.770s] -- Symlinking: /home/bakelbakel/Documents/ros2_ex/install/my_robot_interfaces/include/my_robot_interfaces/my_robot_interfaces/msg/detail/hardware_status__struct.h
[5.779s] -- Symlinking: /home/bakelbakel/Documents/ros2_ex/install/my_robot_interfaces/include/my_robot_interfaces/my_robot_interfaces/msg/detail/hardware_status__type_support.h
[5.785s] -- Symlinking: /home/bakelbakel/Documents/ros2_ex/install/my_robot_interfaces/include/my_robot_interfaces/my_robot_interfaces/msg/detail/led_state_array__functions.h
[5.794s] -- Symlinking: /home/bakelbakel/Documents/ros2_ex/install/my_robot_interfaces/include/my_robot_interfaces/my_robot_interfaces/msg/detail/led_state_array__struct.h
[5.804s] -- Symlinking: /home/bakelbakel/Documents/ros2_ex/install/my_robot_interfaces/include/my_robot_interfaces/my_robot_interfaces/msg/detail/led_state_array__type_support.h
[5.810s] -- Symlinking: /home/bakelbakel/Documents/ros2_ex/install/my_robot_interfaces/include/my_robot_interfaces/my_robot_interfaces/msg/hardware_status.h
[5.817s] -- Symlinking: /home/bakelbakel/Documents/ros2_ex/install/my_robot_interfaces/include/my_robot_interfaces/my_robot_interfaces/msg/led_state_array.h
[5.824s] -- Symlinking: /home/bakelbakel/Documents/ros2_ex/install/my_robot_interfaces/include/my_robot_interfaces/my_robot_interfaces/msg/rosidl_generator_c__visibility_control.h
[5.833s] -- Symlinking: /home/bakelbakel/Documents/ros2_ex/install/my_robot_interfaces/include/my_robot_interfaces/my_robot_interfaces/srv/compute_rectangle_area.h
[5.842s] -- Symlinking: /home/bakelbakel/Documents/ros2_ex/install/my_robot_interfaces/include/my_robot_interfaces/my_robot_interfaces/srv/detail/compute_rectangle_area__functions.h
[5.852s] -- Symlinking: /home/bakelbakel/Documents/ros2_ex/install/my_robot_interfaces/include/my_robot_interfaces/my_robot_interfaces/srv/detail/compute_rectangle_area__struct.h
[5.858s] -- Symlinking: /home/bakelbakel/Documents/ros2_ex/install/my_robot_interfaces/include/my_robot_interfaces/my_robot_interfaces/srv/detail/compute_rectangle_area__type_support.h
[5.867s] -- Symlinking: /home/bakelbakel/Documents/ros2_ex/install/my_robot_interfaces/include/my_robot_interfaces/my_robot_interfaces/srv/detail/set_led__functions.h
[5.877s] -- Symlinking: /home/bakelbakel/Documents/ros2_ex/install/my_robot_interfaces/include/my_robot_interfaces/my_robot_interfaces/srv/detail/set_led__struct.h
[5.883s] -- Symlinking: /home/bakelbakel/Documents/ros2_ex/install/my_robot_interfaces/include/my_robot_interfaces/my_robot_interfaces/srv/detail/set_led__type_support.h
[5.891s] -- Symlinking: /home/bakelbakel/Documents/ros2_ex/install/my_robot_interfaces/include/my_robot_interfaces/my_robot_interfaces/srv/set_led.h
[5.901s] -- Symlinking: /home/bakelbakel/Documents/ros2_ex/install/my_robot_interfaces/share/my_robot_interfaces/environment/library_path.sh
[5.909s] -- Symlinking: /home/bakelbakel/Documents/ros2_ex/install/my_robot_interfaces/share/my_robot_interfaces/environment/library_path.dsv
[5.918s] -- Symlinking: /home/bakelbakel/Documents/ros2_ex/install/my_robot_interfaces/include/my_robot_interfaces/my_robot_interfaces/msg/detail/hardware_status__rosidl_typesupport_fastrtps_c.h
[5.927s] -- Symlinking: /home/bakelbakel/Documents/ros2_ex/install/my_robot_interfaces/include/my_robot_interfaces/my_robot_interfaces/msg/detail/led_state_array__rosidl_typesupport_fastrtps_c.h
[5.934s] -- Symlinking: /home/bakelbakel/Documents/ros2_ex/install/my_robot_interfaces/include/my_robot_interfaces/my_robot_interfaces/msg/rosidl_typesupport_fastrtps_c__visibility_control.h
[5.943s] -- Symlinking: /home/bakelbakel/Documents/ros2_ex/install/my_robot_interfaces/include/my_robot_interfaces/my_robot_interfaces/srv/detail/compute_rectangle_area__rosidl_typesupport_fastrtps_c.h
[5.952s] -- Symlinking: /home/bakelbakel/Documents/ros2_ex/install/my_robot_interfaces/include/my_robot_interfaces/my_robot_interfaces/srv/detail/set_led__rosidl_typesupport_fastrtps_c.h
[5.958s] -- Symlinking: /home/bakelbakel/Documents/ros2_ex/install/my_robot_interfaces/include/my_robot_interfaces/my_robot_interfaces/msg/detail/hardware_status__rosidl_typesupport_introspection_c.h
[5.965s] -- Symlinking: /home/bakelbakel/Documents/ros2_ex/install/my_robot_interfaces/include/my_robot_interfaces/my_robot_interfaces/msg/detail/led_state_array__rosidl_typesupport_introspection_c.h
[5.971s] -- Symlinking: /home/bakelbakel/Documents/ros2_ex/install/my_robot_interfaces/include/my_robot_interfaces/my_robot_interfaces/msg/rosidl_typesupport_introspection_c__visibility_control.h
[5.978s] -- Symlinking: /home/bakelbakel/Documents/ros2_ex/install/my_robot_interfaces/include/my_robot_interfaces/my_robot_interfaces/srv/detail/compute_rectangle_area__rosidl_typesupport_introspection_c.h
[5.985s] -- Symlinking: /home/bakelbakel/Documents/ros2_ex/install/my_robot_interfaces/include/my_robot_interfaces/my_robot_interfaces/srv/detail/set_led__rosidl_typesupport_introspection_c.h
[5.993s] -- Symlinking: /home/bakelbakel/Documents/ros2_ex/install/my_robot_interfaces/include/my_robot_interfaces/my_robot_interfaces/msg/detail/hardware_status__builder.hpp
[6.000s] -- Symlinking: /home/bakelbakel/Documents/ros2_ex/install/my_robot_interfaces/include/my_robot_interfaces/my_robot_interfaces/msg/detail/hardware_status__struct.hpp
[6.006s] -- Symlinking: /home/bakelbakel/Documents/ros2_ex/install/my_robot_interfaces/include/my_robot_interfaces/my_robot_interfaces/msg/detail/hardware_status__traits.hpp
[6.015s] -- Symlinking: /home/bakelbakel/Documents/ros2_ex/install/my_robot_interfaces/include/my_robot_interfaces/my_robot_interfaces/msg/detail/hardware_status__type_support.hpp
[6.025s] -- Symlinking: /home/bakelbakel/Documents/ros2_ex/install/my_robot_interfaces/include/my_robot_interfaces/my_robot_interfaces/msg/detail/led_state_array__builder.hpp
[6.032s] -- Symlinking: /home/bakelbakel/Documents/ros2_ex/install/my_robot_interfaces/include/my_robot_interfaces/my_robot_interfaces/msg/detail/led_state_array__struct.hpp
[6.039s] -- Symlinking: /home/bakelbakel/Documents/ros2_ex/install/my_robot_interfaces/include/my_robot_interfaces/my_robot_interfaces/msg/detail/led_state_array__traits.hpp
[6.045s] -- Symlinking: /home/bakelbakel/Documents/ros2_ex/install/my_robot_interfaces/include/my_robot_interfaces/my_robot_interfaces/msg/detail/led_state_array__type_support.hpp
[6.052s] -- Symlinking: /home/bakelbakel/Documents/ros2_ex/install/my_robot_interfaces/include/my_robot_interfaces/my_robot_interfaces/msg/hardware_status.hpp
[6.061s] -- Symlinking: /home/bakelbakel/Documents/ros2_ex/install/my_robot_interfaces/include/my_robot_interfaces/my_robot_interfaces/msg/led_state_array.hpp
[6.067s] -- Symlinking: /home/bakelbakel/Documents/ros2_ex/install/my_robot_interfaces/include/my_robot_interfaces/my_robot_interfaces/msg/rosidl_generator_cpp__visibility_control.hpp
[6.075s] -- Symlinking: /home/bakelbakel/Documents/ros2_ex/install/my_robot_interfaces/include/my_robot_interfaces/my_robot_interfaces/srv/compute_rectangle_area.hpp
[6.081s] -- Symlinking: /home/bakelbakel/Documents/ros2_ex/install/my_robot_interfaces/include/my_robot_interfaces/my_robot_interfaces/srv/detail/compute_rectangle_area__builder.hpp
[6.088s] -- Symlinking: /home/bakelbakel/Documents/ros2_ex/install/my_robot_interfaces/include/my_robot_interfaces/my_robot_interfaces/srv/detail/compute_rectangle_area__struct.hpp
[6.094s] -- Symlinking: /home/bakelbakel/Documents/ros2_ex/install/my_robot_interfaces/include/my_robot_interfaces/my_robot_interfaces/srv/detail/compute_rectangle_area__traits.hpp
[6.100s] -- Symlinking: /home/bakelbakel/Documents/ros2_ex/install/my_robot_interfaces/include/my_robot_interfaces/my_robot_interfaces/srv/detail/compute_rectangle_area__type_support.hpp
[6.107s] -- Symlinking: /home/bakelbakel/Documents/ros2_ex/install/my_robot_interfaces/include/my_robot_interfaces/my_robot_interfaces/srv/detail/set_led__builder.hpp
[6.115s] -- Symlinking: /home/bakelbakel/Documents/ros2_ex/install/my_robot_interfaces/include/my_robot_interfaces/my_robot_interfaces/srv/detail/set_led__struct.hpp
[6.124s] -- Symlinking: /home/bakelbakel/Documents/ros2_ex/install/my_robot_interfaces/include/my_robot_interfaces/my_robot_interfaces/srv/detail/set_led__traits.hpp
[6.133s] -- Symlinking: /home/bakelbakel/Documents/ros2_ex/install/my_robot_interfaces/include/my_robot_interfaces/my_robot_interfaces/srv/detail/set_led__type_support.hpp
[6.142s] -- Symlinking: /home/bakelbakel/Documents/ros2_ex/install/my_robot_interfaces/include/my_robot_interfaces/my_robot_interfaces/srv/set_led.hpp
[6.149s] -- Symlinking: /home/bakelbakel/Documents/ros2_ex/install/my_robot_interfaces/include/my_robot_interfaces/my_robot_interfaces/msg/detail/hardware_status__rosidl_typesupport_fastrtps_cpp.hpp
[6.156s] -- Symlinking: /home/bakelbakel/Documents/ros2_ex/install/my_robot_interfaces/include/my_robot_interfaces/my_robot_interfaces/msg/detail/led_state_array__rosidl_typesupport_fastrtps_cpp.hpp
[6.164s] -- Symlinking: /home/bakelbakel/Documents/ros2_ex/install/my_robot_interfaces/include/my_robot_interfaces/my_robot_interfaces/msg/rosidl_typesupport_fastrtps_cpp__visibility_control.h
[6.170s] -- Symlinking: /home/bakelbakel/Documents/ros2_ex/install/my_robot_interfaces/include/my_robot_interfaces/my_robot_interfaces/srv/detail/compute_rectangle_area__rosidl_typesupport_fastrtps_cpp.hpp
[6.177s] -- Symlinking: /home/bakelbakel/Documents/ros2_ex/install/my_robot_interfaces/include/my_robot_interfaces/my_robot_interfaces/srv/detail/set_led__rosidl_typesupport_fastrtps_cpp.hpp
[6.183s] -- Symlinking: /home/bakelbakel/Documents/ros2_ex/install/my_robot_interfaces/include/my_robot_interfaces/my_robot_interfaces/msg/detail/hardware_status__rosidl_typesupport_introspection_cpp.hpp
[6.190s] -- Symlinking: /home/bakelbakel/Documents/ros2_ex/install/my_robot_interfaces/include/my_robot_interfaces/my_robot_interfaces/msg/detail/led_state_array__rosidl_typesupport_introspection_cpp.hpp
[6.196s] -- Symlinking: /home/bakelbakel/Documents/ros2_ex/install/my_robot_interfaces/include/my_robot_interfaces/my_robot_interfaces/srv/detail/compute_rectangle_area__rosidl_typesupport_introspection_cpp.hpp
[6.202s] -- Symlinking: /home/bakelbakel/Documents/ros2_ex/install/my_robot_interfaces/include/my_robot_interfaces/my_robot_interfaces/srv/detail/set_led__rosidl_typesupport_introspection_cpp.hpp
[6.208s] -- Symlinking: /home/bakelbakel/Documents/ros2_ex/install/my_robot_interfaces/share/my_robot_interfaces/environment/pythonpath.sh
[6.214s] -- Symlinking: /home/bakelbakel/Documents/ros2_ex/install/my_robot_interfaces/share/my_robot_interfaces/environment/pythonpath.dsv
[6.220s] -- Symlinking: /home/bakelbakel/Documents/ros2_ex/install/my_robot_interfaces/lib/python3.12/site-packages/my_robot_interfaces-0.0.0-py3.12.egg-info/PKG-INFO
[6.228s] -- Symlinking: /home/bakelbakel/Documents/ros2_ex/install/my_robot_interfaces/lib/python3.12/site-packages/my_robot_interfaces-0.0.0-py3.12.egg-info/SOURCES.txt
[6.235s] -- Symlinking: /home/bakelbakel/Documents/ros2_ex/install/my_robot_interfaces/lib/python3.12/site-packages/my_robot_interfaces-0.0.0-py3.12.egg-info/dependency_links.txt
[6.241s] -- Symlinking: /home/bakelbakel/Documents/ros2_ex/install/my_robot_interfaces/lib/python3.12/site-packages/my_robot_interfaces-0.0.0-py3.12.egg-info/top_level.txt
[6.251s] -- Symlinking: /home/bakelbakel/Documents/ros2_ex/install/my_robot_interfaces/lib/python3.12/site-packages/my_robot_interfaces/__init__.py
[6.260s] -- Symlinking: /home/bakelbakel/Documents/ros2_ex/install/my_robot_interfaces/lib/python3.12/site-packages/my_robot_interfaces/_my_robot_interfaces_s.ep.rosidl_typesupport_c.c
[6.266s] -- Symlinking: /home/bakelbakel/Documents/ros2_ex/install/my_robot_interfaces/lib/python3.12/site-packages/my_robot_interfaces/_my_robot_interfaces_s.ep.rosidl_typesupport_fastrtps_c.c
[6.274s] -- Symlinking: /home/bakelbakel/Documents/ros2_ex/install/my_robot_interfaces/lib/python3.12/site-packages/my_robot_interfaces/_my_robot_interfaces_s.ep.rosidl_typesupport_introspection_c.c
[6.283s] -- Symlinking: /home/bakelbakel/Documents/ros2_ex/install/my_robot_interfaces/lib/python3.12/site-packages/my_robot_interfaces/msg/__init__.py
[6.291s] -- Symlinking: /home/bakelbakel/Documents/ros2_ex/install/my_robot_interfaces/lib/python3.12/site-packages/my_robot_interfaces/msg/_hardware_status.py
[6.299s] -- Symlinking: /home/bakelbakel/Documents/ros2_ex/install/my_robot_interfaces/lib/python3.12/site-packages/my_robot_interfaces/msg/_hardware_status_s.c
[6.307s] -- Symlinking: /home/bakelbakel/Documents/ros2_ex/install/my_robot_interfaces/lib/python3.12/site-packages/my_robot_interfaces/msg/_led_state_array.py
[6.315s] -- Symlinking: /home/bakelbakel/Documents/ros2_ex/install/my_robot_interfaces/lib/python3.12/site-packages/my_robot_interfaces/msg/_led_state_array_s.c
[6.321s] -- Symlinking: /home/bakelbakel/Documents/ros2_ex/install/my_robot_interfaces/lib/python3.12/site-packages/my_robot_interfaces/my_robot_interfaces_s__rosidl_typesupport_c.so
[6.328s] -- Symlinking: /home/bakelbakel/Documents/ros2_ex/install/my_robot_interfaces/lib/python3.12/site-packages/my_robot_interfaces/my_robot_interfaces_s__rosidl_typesupport_fastrtps_c.so
[6.334s] -- Symlinking: /home/bakelbakel/Documents/ros2_ex/install/my_robot_interfaces/lib/python3.12/site-packages/my_robot_interfaces/my_robot_interfaces_s__rosidl_typesupport_introspection_c.so
[6.343s] -- Symlinking: /home/bakelbakel/Documents/ros2_ex/install/my_robot_interfaces/lib/python3.12/site-packages/my_robot_interfaces/srv/__init__.py
[6.353s] -- Symlinking: /home/bakelbakel/Documents/ros2_ex/install/my_robot_interfaces/lib/python3.12/site-packages/my_robot_interfaces/srv/_compute_rectangle_area.py
[6.360s] -- Symlinking: /home/bakelbakel/Documents/ros2_ex/install/my_robot_interfaces/lib/python3.12/site-packages/my_robot_interfaces/srv/_compute_rectangle_area_s.c
[6.367s] -- Symlinking: /home/bakelbakel/Documents/ros2_ex/install/my_robot_interfaces/lib/python3.12/site-packages/my_robot_interfaces/srv/_set_led.py
[6.373s] -- Symlinking: /home/bakelbakel/Documents/ros2_ex/install/my_robot_interfaces/lib/python3.12/site-packages/my_robot_interfaces/srv/_set_led_s.c
[6.382s] -- Up-to-date symlink: /home/bakelbakel/Documents/ros2_ex/install/my_robot_interfaces/lib/python3.12/site-packages/my_robot_interfaces/my_robot_interfaces_s__rosidl_typesupport_fastrtps_c.so
[6.382s] -- Up-to-date symlink: /home/bakelbakel/Documents/ros2_ex/install/my_robot_interfaces/lib/python3.12/site-packages/my_robot_interfaces/my_robot_interfaces_s__rosidl_typesupport_introspection_c.so
[6.382s] -- Up-to-date symlink: /home/bakelbakel/Documents/ros2_ex/install/my_robot_interfaces/lib/python3.12/site-packages/my_robot_interfaces/my_robot_interfaces_s__rosidl_typesupport_c.so
[6.382s] -- Symlinking: /home/bakelbakel/Documents/ros2_ex/install/my_robot_interfaces/share/my_robot_interfaces/msg/HardwareStatus.idl
[6.392s] -- Symlinking: /home/bakelbakel/Documents/ros2_ex/install/my_robot_interfaces/share/my_robot_interfaces/msg/LedStateArray.idl
[6.398s] -- Symlinking: /home/bakelbakel/Documents/ros2_ex/install/my_robot_interfaces/share/my_robot_interfaces/srv/ComputeRectangleArea.idl
[6.406s] -- Symlinking: /home/bakelbakel/Documents/ros2_ex/install/my_robot_interfaces/share/my_robot_interfaces/srv/SetLed.idl
[6.415s] -- Symlinking: /home/bakelbakel/Documents/ros2_ex/install/my_robot_interfaces/share/my_robot_interfaces/msg/HardwareStatus.msg
[6.422s] -- Symlinking: /home/bakelbakel/Documents/ros2_ex/install/my_robot_interfaces/share/my_robot_interfaces/msg/LedStateArray.msg
[6.431s] -- Symlinking: /home/bakelbakel/Documents/ros2_ex/install/my_robot_interfaces/share/my_robot_interfaces/srv/ComputeRectangleArea.srv
[6.438s] -- Symlinking: /home/bakelbakel/Documents/ros2_ex/install/my_robot_interfaces/share/my_robot_interfaces/srv/SetLed.srv
[6.445s] -- Symlinking: /home/bakelbakel/Documents/ros2_ex/install/my_robot_interfaces/share/ament_index/resource_index/package_run_dependencies/my_robot_interfaces
[6.452s] -- Symlinking: /home/bakelbakel/Documents/ros2_ex/install/my_robot_interfaces/share/ament_index/resource_index/parent_prefix_path/my_robot_interfaces
[6.458s] -- Symlinking: /home/bakelbakel/Documents/ros2_ex/install/my_robot_interfaces/share/my_robot_interfaces/environment/ament_prefix_path.sh
[6.465s] -- Symlinking: /home/bakelbakel/Documents/ros2_ex/install/my_robot_interfaces/share/my_robot_interfaces/environment/ament_prefix_path.dsv
[6.471s] -- Symlinking: /home/bakelbakel/Documents/ros2_ex/install/my_robot_interfaces/share/my_robot_interfaces/environment/path.sh
[6.480s] -- Symlinking: /home/bakelbakel/Documents/ros2_ex/install/my_robot_interfaces/share/my_robot_interfaces/environment/path.dsv
[6.490s] -- Symlinking: /home/bakelbakel/Documents/ros2_ex/install/my_robot_interfaces/share/my_robot_interfaces/local_setup.bash
[6.497s] -- Symlinking: /home/bakelbakel/Documents/ros2_ex/install/my_robot_interfaces/share/my_robot_interfaces/local_setup.sh
[6.504s] -- Symlinking: /home/bakelbakel/Documents/ros2_ex/install/my_robot_interfaces/share/my_robot_interfaces/local_setup.zsh
[6.510s] -- Symlinking: /home/bakelbakel/Documents/ros2_ex/install/my_robot_interfaces/share/my_robot_interfaces/local_setup.dsv
[6.517s] -- Symlinking: /home/bakelbakel/Documents/ros2_ex/install/my_robot_interfaces/share/my_robot_interfaces/package.dsv
[6.534s] -- Symlinking: /home/bakelbakel/Documents/ros2_ex/install/my_robot_interfaces/share/ament_index/resource_index/packages/my_robot_interfaces
[6.542s] -- Symlinking: /home/bakelbakel/Documents/ros2_ex/install/my_robot_interfaces/share/my_robot_interfaces/cmake/rosidl_cmake-extras.cmake
[6.551s] -- Symlinking: /home/bakelbakel/Documents/ros2_ex/install/my_robot_interfaces/share/my_robot_interfaces/cmake/ament_cmake_export_dependencies-extras.cmake
[6.559s] -- Symlinking: /home/bakelbakel/Documents/ros2_ex/install/my_robot_interfaces/share/my_robot_interfaces/cmake/ament_cmake_export_include_directories-extras.cmake
[6.565s] -- Symlinking: /home/bakelbakel/Documents/ros2_ex/install/my_robot_interfaces/share/my_robot_interfaces/cmake/ament_cmake_export_libraries-extras.cmake
[6.573s] -- Symlinking: /home/bakelbakel/Documents/ros2_ex/install/my_robot_interfaces/share/my_robot_interfaces/cmake/ament_cmake_export_targets-extras.cmake
[6.580s] -- Symlinking: /home/bakelbakel/Documents/ros2_ex/install/my_robot_interfaces/share/my_robot_interfaces/cmake/rosidl_cmake_export_typesupport_targets-extras.cmake
[6.587s] -- Symlinking: /home/bakelbakel/Documents/ros2_ex/install/my_robot_interfaces/share/my_robot_interfaces/cmake/rosidl_cmake_export_typesupport_libraries-extras.cmake
[6.593s] -- Symlinking: /home/bakelbakel/Documents/ros2_ex/install/my_robot_interfaces/share/my_robot_interfaces/cmake/my_robot_interfacesConfig.cmake
[6.600s] -- Symlinking: /home/bakelbakel/Documents/ros2_ex/install/my_robot_interfaces/share/my_robot_interfaces/cmake/my_robot_interfacesConfig-version.cmake
[6.607s] -- Symlinking: /home/bakelbakel/Documents/ros2_ex/install/my_robot_interfaces/share/my_robot_interfaces/package.xml
[6.613s] -- Installing: /home/bakelbakel/Documents/ros2_ex/install/my_robot_interfaces/lib/libmy_robot_interfaces__rosidl_generator_c.so
[6.613s] -- Set non-toolchain portion of runtime path of "/home/bakelbakel/Documents/ros2_ex/install/my_robot_interfaces/lib/libmy_robot_interfaces__rosidl_generator_c.so" to ""
[6.613s] -- Installing: /home/bakelbakel/Documents/ros2_ex/install/my_robot_interfaces/lib/libmy_robot_interfaces__rosidl_typesupport_fastrtps_c.so
[6.613s] -- Set non-toolchain portion of runtime path of "/home/bakelbakel/Documents/ros2_ex/install/my_robot_interfaces/lib/libmy_robot_interfaces__rosidl_typesupport_fastrtps_c.so" to ""
[6.613s] -- Installing: /home/bakelbakel/Documents/ros2_ex/install/my_robot_interfaces/lib/libmy_robot_interfaces__rosidl_typesupport_introspection_c.so
[6.614s] -- Set non-toolchain portion of runtime path of "/home/bakelbakel/Documents/ros2_ex/install/my_robot_interfaces/lib/libmy_robot_interfaces__rosidl_typesupport_introspection_c.so" to ""
[6.614s] -- Installing: /home/bakelbakel/Documents/ros2_ex/install/my_robot_interfaces/lib/libmy_robot_interfaces__rosidl_typesupport_c.so
[6.614s] -- Set non-toolchain portion of runtime path of "/home/bakelbakel/Documents/ros2_ex/install/my_robot_interfaces/lib/libmy_robot_interfaces__rosidl_typesupport_c.so" to ""
[6.614s] -- Installing: /home/bakelbakel/Documents/ros2_ex/install/my_robot_interfaces/lib/libmy_robot_interfaces__rosidl_typesupport_fastrtps_cpp.so
[6.614s] -- Set non-toolchain portion of runtime path of "/home/bakelbakel/Documents/ros2_ex/install/my_robot_interfaces/lib/libmy_robot_interfaces__rosidl_typesupport_fastrtps_cpp.so" to ""
[6.614s] -- Installing: /home/bakelbakel/Documents/ros2_ex/install/my_robot_interfaces/lib/libmy_robot_interfaces__rosidl_typesupport_introspection_cpp.so
[6.614s] -- Set non-toolchain portion of runtime path of "/home/bakelbakel/Documents/ros2_ex/install/my_robot_interfaces/lib/libmy_robot_interfaces__rosidl_typesupport_introspection_cpp.so" to ""
[6.614s] -- Installing: /home/bakelbakel/Documents/ros2_ex/install/my_robot_interfaces/lib/libmy_robot_interfaces__rosidl_typesupport_cpp.so
[6.614s] -- Set non-toolchain portion of runtime path of "/home/bakelbakel/Documents/ros2_ex/install/my_robot_interfaces/lib/libmy_robot_interfaces__rosidl_typesupport_cpp.so" to ""
[6.649s] Listing '/home/bakelbakel/Documents/ros2_ex/install/my_robot_interfaces/lib/python3.12/site-packages/my_robot_interfaces'...
[6.649s] Compiling '/home/bakelbakel/Documents/ros2_ex/install/my_robot_interfaces/lib/python3.12/site-packages/my_robot_interfaces/__init__.py'...
[6.649s] Listing '/home/bakelbakel/Documents/ros2_ex/install/my_robot_interfaces/lib/python3.12/site-packages/my_robot_interfaces/msg'...
[6.649s] Compiling '/home/bakelbakel/Documents/ros2_ex/install/my_robot_interfaces/lib/python3.12/site-packages/my_robot_interfaces/msg/__init__.py'...
[6.649s] Compiling '/home/bakelbakel/Documents/ros2_ex/install/my_robot_interfaces/lib/python3.12/site-packages/my_robot_interfaces/msg/_hardware_status.py'...
[6.649s] Compiling '/home/bakelbakel/Documents/ros2_ex/install/my_robot_interfaces/lib/python3.12/site-packages/my_robot_interfaces/msg/_led_state_array.py'...
[6.649s] Listing '/home/bakelbakel/Documents/ros2_ex/install/my_robot_interfaces/lib/python3.12/site-packages/my_robot_interfaces/srv'...
[6.649s] Compiling '/home/bakelbakel/Documents/ros2_ex/install/my_robot_interfaces/lib/python3.12/site-packages/my_robot_interfaces/srv/__init__.py'...
[6.649s] Compiling '/home/bakelbakel/Documents/ros2_ex/install/my_robot_interfaces/lib/python3.12/site-packages/my_robot_interfaces/srv/_compute_rectangle_area.py'...
[6.649s] Compiling '/home/bakelbakel/Documents/ros2_ex/install/my_robot_interfaces/lib/python3.12/site-packages/my_robot_interfaces/srv/_set_led.py'...
[6.653s] -- Installing: /home/bakelbakel/Documents/ros2_ex/install/my_robot_interfaces/lib/libmy_robot_interfaces__rosidl_generator_py.so
[6.653s] -- Set non-toolchain portion of runtime path of "/home/bakelbakel/Documents/ros2_ex/install/my_robot_interfaces/lib/libmy_robot_interfaces__rosidl_generator_py.so" to ""
[6.653s] -- Installing: /home/bakelbakel/Documents/ros2_ex/install/my_robot_interfaces/share/my_robot_interfaces/cmake/export_my_robot_interfaces__rosidl_generator_cExport.cmake
[6.653s] -- Installing: /home/bakelbakel/Documents/ros2_ex/install/my_robot_interfaces/share/my_robot_interfaces/cmake/export_my_robot_interfaces__rosidl_generator_cExport-noconfig.cmake
[6.653s] -- Installing: /home/bakelbakel/Documents/ros2_ex/install/my_robot_interfaces/share/my_robot_interfaces/cmake/export_my_robot_interfaces__rosidl_typesupport_fastrtps_cExport.cmake
[6.653s] -- Installing: /home/bakelbakel/Documents/ros2_ex/install/my_robot_interfaces/share/my_robot_interfaces/cmake/export_my_robot_interfaces__rosidl_typesupport_fastrtps_cExport-noconfig.cmake
[6.653s] -- Installing: /home/bakelbakel/Documents/ros2_ex/install/my_robot_interfaces/share/my_robot_interfaces/cmake/my_robot_interfaces__rosidl_typesupport_introspection_cExport.cmake
[6.653s] -- Installing: /home/bakelbakel/Documents/ros2_ex/install/my_robot_interfaces/share/my_robot_interfaces/cmake/my_robot_interfaces__rosidl_typesupport_introspection_cExport-noconfig.cmake
[6.653s] -- Installing: /home/bakelbakel/Documents/ros2_ex/install/my_robot_interfaces/share/my_robot_interfaces/cmake/my_robot_interfaces__rosidl_typesupport_cExport.cmake
[6.653s] -- Installing: /home/bakelbakel/Documents/ros2_ex/install/my_robot_interfaces/share/my_robot_interfaces/cmake/my_robot_interfaces__rosidl_typesupport_cExport-noconfig.cmake
[6.653s] -- Installing: /home/bakelbakel/Documents/ros2_ex/install/my_robot_interfaces/share/my_robot_interfaces/cmake/export_my_robot_interfaces__rosidl_generator_cppExport.cmake
[6.654s] -- Installing: /home/bakelbakel/Documents/ros2_ex/install/my_robot_interfaces/share/my_robot_interfaces/cmake/export_my_robot_interfaces__rosidl_typesupport_fastrtps_cppExport.cmake
[6.654s] -- Installing: /home/bakelbakel/Documents/ros2_ex/install/my_robot_interfaces/share/my_robot_interfaces/cmake/export_my_robot_interfaces__rosidl_typesupport_fastrtps_cppExport-noconfig.cmake
[6.654s] -- Installing: /home/bakelbakel/Documents/ros2_ex/install/my_robot_interfaces/share/my_robot_interfaces/cmake/my_robot_interfaces__rosidl_typesupport_introspection_cppExport.cmake
[6.654s] -- Installing: /home/bakelbakel/Documents/ros2_ex/install/my_robot_interfaces/share/my_robot_interfaces/cmake/my_robot_interfaces__rosidl_typesupport_introspection_cppExport-noconfig.cmake
[6.654s] -- Installing: /home/bakelbakel/Documents/ros2_ex/install/my_robot_interfaces/share/my_robot_interfaces/cmake/my_robot_interfaces__rosidl_typesupport_cppExport.cmake
[6.654s] -- Installing: /home/bakelbakel/Documents/ros2_ex/install/my_robot_interfaces/share/my_robot_interfaces/cmake/my_robot_interfaces__rosidl_typesupport_cppExport-noconfig.cmake
[6.654s] -- Installing: /home/bakelbakel/Documents/ros2_ex/install/my_robot_interfaces/share/my_robot_interfaces/cmake/export_my_robot_interfaces__rosidl_generator_pyExport.cmake
[6.654s] -- Installing: /home/bakelbakel/Documents/ros2_ex/install/my_robot_interfaces/share/my_robot_interfaces/cmake/export_my_robot_interfaces__rosidl_generator_pyExport-noconfig.cmake
[6.656s] Invoked command in '/home/bakelbakel/Documents/ros2_ex/build/my_robot_interfaces' returned '0': CMAKE_PREFIX_PATH=${CMAKE_PREFIX_PATH}:/opt/ros/jazzy DEBUGINFOD_URLS=https://debuginfod.ubuntu.com /usr/bin/cmake --install /home/bakelbakel/Documents/ros2_ex/build/my_robot_interfaces
