[0.017s] Invoking command in '/home/bakelbakel/Documents/ros2_ex/build/my_robot_bringup': AMENT_PREFIX_PATH=/home/bakelbakel/Documents/ros2_ex/install/my_py_pkg:/home/bakelbakel/Documents/ros2_ex/install/my_cpp_pkg:/home/bakelbakel/Documents/ros2_ex/install/my_robot_interfaces:${AMENT_PREFIX_PATH} CMAKE_PREFIX_PATH=/home/bakelbakel/Documents/ros2_ex/install/my_cpp_pkg:/home/bakelbakel/Documents/ros2_ex/install/my_robot_interfaces:/opt/ros/jazzy/opt/gz_sim_vendor:/opt/ros/jazzy/opt/gz_sensors_vendor:/opt/ros/jazzy/opt/gz_physics_vendor:/opt/ros/jazzy/opt/sdformat_vendor:/opt/ros/jazzy/opt/gz_gui_vendor:/opt/ros/jazzy/opt/gz_transport_vendor:/opt/ros/jazzy/opt/gz_rendering_vendor:/opt/ros/jazzy/opt/gz_plugin_vendor:/opt/ros/jazzy/opt/gz_fuel_tools_vendor:/opt/ros/jazzy/opt/gz_msgs_vendor:/opt/ros/jazzy/opt/gz_common_vendor:/opt/ros/jazzy/opt/gz_math_vendor:/opt/ros/jazzy/opt/gz_utils_vendor:/opt/ros/jazzy/opt/gz_tools_vendor:/opt/ros/jazzy/opt/gz_ogre_next_vendor:/opt/ros/jazzy/opt/gz_dartsim_vendor:/opt/ros/jazzy/opt/gz_cmake_vendor:/opt/ros/jazzy DEBUGINFOD_URLS=https://debuginfod.ubuntu.com LD_LIBRARY_PATH=/home/bakelbakel/Documents/ros2_ex/install/my_robot_interfaces/lib:${LD_LIBRARY_PATH} PYTHONPATH=/home/bakelbakel/Documents/ros2_ex/build/my_py_pkg:/home/bakelbakel/Documents/ros2_ex/install/my_py_pkg/lib/python3.12/site-packages:/home/bakelbakel/Documents/ros2_ex/install/my_robot_interfaces/lib/python3.12/site-packages:${PYTHONPATH} /usr/bin/cmake /home/bakelbakel/Documents/ros2_ex/src/my_robot_bringup -DAMENT_CMAKE_SYMLINK_INSTALL=1 -DCMAKE_INSTALL_PREFIX=/home/bakelbakel/Documents/ros2_ex/install/my_robot_bringup
[0.101s] -- The C compiler identification is GNU 13.3.0
[0.153s] -- The CXX compiler identification is GNU 13.3.0
[0.170s] -- Detecting C compiler ABI info
[0.257s] -- Detecting C compiler ABI info - done
[0.267s] -- Check for working C compiler: /usr/bin/cc - skipped
[0.268s] -- Detecting C compile features
[0.269s] -- Detecting C compile features - done
[0.278s] -- Detecting CXX compiler ABI info
[0.366s] -- Detecting CXX compiler ABI info - done
[0.375s] -- Check for working CXX compiler: /usr/bin/c++ - skipped
[0.375s] -- Detecting CXX compile features
[0.375s] -- Detecting CXX compile features - done
[0.387s] -- Found ament_cmake: 2.5.3 (/opt/ros/jazzy/share/ament_cmake/cmake)
[0.737s] -- Found Python3: /usr/bin/python3 (found version "3.12.3") found components: Interpreter 
[0.797s] -- Override CMake install command with custom implementation using symlinks instead of copying resources
[0.900s] -- Configuring done (0.9s)
[0.901s] -- Generating done (0.0s)
[0.902s] -- Build files have been written to: /home/bakelbakel/Documents/ros2_ex/build/my_robot_bringup
[0.907s] Invoked command in '/home/bakelbakel/Documents/ros2_ex/build/my_robot_bringup' returned '0': AMENT_PREFIX_PATH=/home/bakelbakel/Documents/ros2_ex/install/my_py_pkg:/home/bakelbakel/Documents/ros2_ex/install/my_cpp_pkg:/home/bakelbakel/Documents/ros2_ex/install/my_robot_interfaces:${AMENT_PREFIX_PATH} CMAKE_PREFIX_PATH=/home/bakelbakel/Documents/ros2_ex/install/my_cpp_pkg:/home/bakelbakel/Documents/ros2_ex/install/my_robot_interfaces:/opt/ros/jazzy/opt/gz_sim_vendor:/opt/ros/jazzy/opt/gz_sensors_vendor:/opt/ros/jazzy/opt/gz_physics_vendor:/opt/ros/jazzy/opt/sdformat_vendor:/opt/ros/jazzy/opt/gz_gui_vendor:/opt/ros/jazzy/opt/gz_transport_vendor:/opt/ros/jazzy/opt/gz_rendering_vendor:/opt/ros/jazzy/opt/gz_plugin_vendor:/opt/ros/jazzy/opt/gz_fuel_tools_vendor:/opt/ros/jazzy/opt/gz_msgs_vendor:/opt/ros/jazzy/opt/gz_common_vendor:/opt/ros/jazzy/opt/gz_math_vendor:/opt/ros/jazzy/opt/gz_utils_vendor:/opt/ros/jazzy/opt/gz_tools_vendor:/opt/ros/jazzy/opt/gz_ogre_next_vendor:/opt/ros/jazzy/opt/gz_dartsim_vendor:/opt/ros/jazzy/opt/gz_cmake_vendor:/opt/ros/jazzy DEBUGINFOD_URLS=https://debuginfod.ubuntu.com LD_LIBRARY_PATH=/home/bakelbakel/Documents/ros2_ex/install/my_robot_interfaces/lib:${LD_LIBRARY_PATH} PYTHONPATH=/home/bakelbakel/Documents/ros2_ex/build/my_py_pkg:/home/bakelbakel/Documents/ros2_ex/install/my_py_pkg/lib/python3.12/site-packages:/home/bakelbakel/Documents/ros2_ex/install/my_robot_interfaces/lib/python3.12/site-packages:${PYTHONPATH} /usr/bin/cmake /home/bakelbakel/Documents/ros2_ex/src/my_robot_bringup -DAMENT_CMAKE_SYMLINK_INSTALL=1 -DCMAKE_INSTALL_PREFIX=/home/bakelbakel/Documents/ros2_ex/install/my_robot_bringup
[0.907s] Invoking command in '/home/bakelbakel/Documents/ros2_ex/build/my_robot_bringup': AMENT_PREFIX_PATH=/home/bakelbakel/Documents/ros2_ex/install/my_py_pkg:/home/bakelbakel/Documents/ros2_ex/install/my_cpp_pkg:/home/bakelbakel/Documents/ros2_ex/install/my_robot_interfaces:${AMENT_PREFIX_PATH} CMAKE_PREFIX_PATH=/home/bakelbakel/Documents/ros2_ex/install/my_cpp_pkg:/home/bakelbakel/Documents/ros2_ex/install/my_robot_interfaces:/opt/ros/jazzy/opt/gz_sim_vendor:/opt/ros/jazzy/opt/gz_sensors_vendor:/opt/ros/jazzy/opt/gz_physics_vendor:/opt/ros/jazzy/opt/sdformat_vendor:/opt/ros/jazzy/opt/gz_gui_vendor:/opt/ros/jazzy/opt/gz_transport_vendor:/opt/ros/jazzy/opt/gz_rendering_vendor:/opt/ros/jazzy/opt/gz_plugin_vendor:/opt/ros/jazzy/opt/gz_fuel_tools_vendor:/opt/ros/jazzy/opt/gz_msgs_vendor:/opt/ros/jazzy/opt/gz_common_vendor:/opt/ros/jazzy/opt/gz_math_vendor:/opt/ros/jazzy/opt/gz_utils_vendor:/opt/ros/jazzy/opt/gz_tools_vendor:/opt/ros/jazzy/opt/gz_ogre_next_vendor:/opt/ros/jazzy/opt/gz_dartsim_vendor:/opt/ros/jazzy/opt/gz_cmake_vendor:/opt/ros/jazzy DEBUGINFOD_URLS=https://debuginfod.ubuntu.com LD_LIBRARY_PATH=/home/bakelbakel/Documents/ros2_ex/install/my_robot_interfaces/lib:${LD_LIBRARY_PATH} PYTHONPATH=/home/bakelbakel/Documents/ros2_ex/build/my_py_pkg:/home/bakelbakel/Documents/ros2_ex/install/my_py_pkg/lib/python3.12/site-packages:/home/bakelbakel/Documents/ros2_ex/install/my_robot_interfaces/lib/python3.12/site-packages:${PYTHONPATH} /usr/bin/cmake --build /home/bakelbakel/Documents/ros2_ex/build/my_robot_bringup -- -j12 -l12
[0.943s] Invoked command in '/home/bakelbakel/Documents/ros2_ex/build/my_robot_bringup' returned '0': AMENT_PREFIX_PATH=/home/bakelbakel/Documents/ros2_ex/install/my_py_pkg:/home/bakelbakel/Documents/ros2_ex/install/my_cpp_pkg:/home/bakelbakel/Documents/ros2_ex/install/my_robot_interfaces:${AMENT_PREFIX_PATH} CMAKE_PREFIX_PATH=/home/bakelbakel/Documents/ros2_ex/install/my_cpp_pkg:/home/bakelbakel/Documents/ros2_ex/install/my_robot_interfaces:/opt/ros/jazzy/opt/gz_sim_vendor:/opt/ros/jazzy/opt/gz_sensors_vendor:/opt/ros/jazzy/opt/gz_physics_vendor:/opt/ros/jazzy/opt/sdformat_vendor:/opt/ros/jazzy/opt/gz_gui_vendor:/opt/ros/jazzy/opt/gz_transport_vendor:/opt/ros/jazzy/opt/gz_rendering_vendor:/opt/ros/jazzy/opt/gz_plugin_vendor:/opt/ros/jazzy/opt/gz_fuel_tools_vendor:/opt/ros/jazzy/opt/gz_msgs_vendor:/opt/ros/jazzy/opt/gz_common_vendor:/opt/ros/jazzy/opt/gz_math_vendor:/opt/ros/jazzy/opt/gz_utils_vendor:/opt/ros/jazzy/opt/gz_tools_vendor:/opt/ros/jazzy/opt/gz_ogre_next_vendor:/opt/ros/jazzy/opt/gz_dartsim_vendor:/opt/ros/jazzy/opt/gz_cmake_vendor:/opt/ros/jazzy DEBUGINFOD_URLS=https://debuginfod.ubuntu.com LD_LIBRARY_PATH=/home/bakelbakel/Documents/ros2_ex/install/my_robot_interfaces/lib:${LD_LIBRARY_PATH} PYTHONPATH=/home/bakelbakel/Documents/ros2_ex/build/my_py_pkg:/home/bakelbakel/Documents/ros2_ex/install/my_py_pkg/lib/python3.12/site-packages:/home/bakelbakel/Documents/ros2_ex/install/my_robot_interfaces/lib/python3.12/site-packages:${PYTHONPATH} /usr/bin/cmake --build /home/bakelbakel/Documents/ros2_ex/build/my_robot_bringup -- -j12 -l12
[0.944s] Invoking command in '/home/bakelbakel/Documents/ros2_ex/build/my_robot_bringup': AMENT_PREFIX_PATH=/home/bakelbakel/Documents/ros2_ex/install/my_py_pkg:/home/bakelbakel/Documents/ros2_ex/install/my_cpp_pkg:/home/bakelbakel/Documents/ros2_ex/install/my_robot_interfaces:${AMENT_PREFIX_PATH} CMAKE_PREFIX_PATH=/home/bakelbakel/Documents/ros2_ex/install/my_cpp_pkg:/home/bakelbakel/Documents/ros2_ex/install/my_robot_interfaces:/opt/ros/jazzy/opt/gz_sim_vendor:/opt/ros/jazzy/opt/gz_sensors_vendor:/opt/ros/jazzy/opt/gz_physics_vendor:/opt/ros/jazzy/opt/sdformat_vendor:/opt/ros/jazzy/opt/gz_gui_vendor:/opt/ros/jazzy/opt/gz_transport_vendor:/opt/ros/jazzy/opt/gz_rendering_vendor:/opt/ros/jazzy/opt/gz_plugin_vendor:/opt/ros/jazzy/opt/gz_fuel_tools_vendor:/opt/ros/jazzy/opt/gz_msgs_vendor:/opt/ros/jazzy/opt/gz_common_vendor:/opt/ros/jazzy/opt/gz_math_vendor:/opt/ros/jazzy/opt/gz_utils_vendor:/opt/ros/jazzy/opt/gz_tools_vendor:/opt/ros/jazzy/opt/gz_ogre_next_vendor:/opt/ros/jazzy/opt/gz_dartsim_vendor:/opt/ros/jazzy/opt/gz_cmake_vendor:/opt/ros/jazzy DEBUGINFOD_URLS=https://debuginfod.ubuntu.com LD_LIBRARY_PATH=/home/bakelbakel/Documents/ros2_ex/install/my_robot_interfaces/lib:${LD_LIBRARY_PATH} PYTHONPATH=/home/bakelbakel/Documents/ros2_ex/build/my_py_pkg:/home/bakelbakel/Documents/ros2_ex/install/my_py_pkg/lib/python3.12/site-packages:/home/bakelbakel/Documents/ros2_ex/install/my_robot_interfaces/lib/python3.12/site-packages:${PYTHONPATH} /usr/bin/cmake --install /home/bakelbakel/Documents/ros2_ex/build/my_robot_bringup
[0.950s] -- Install configuration: ""
[0.950s] -- Execute custom install script
[0.950s] -- Symlinking: /home/bakelbakel/Documents/ros2_ex/install/my_robot_bringup/share/my_robot_bringup//launch/number_app.launch.py
[0.957s] -- Symlinking: /home/bakelbakel/Documents/ros2_ex/install/my_robot_bringup/share/my_robot_bringup//launch/number_app.launch.xml
[0.966s] -- Symlinking: /home/bakelbakel/Documents/ros2_ex/install/my_robot_bringup/share/my_robot_bringup//launch/number_app_from_python.launch.xml
[0.975s] -- Symlinking: /home/bakelbakel/Documents/ros2_ex/install/my_robot_bringup/share/my_robot_bringup//launch/radio.launch.xml
[0.982s] -- Symlinking: /home/bakelbakel/Documents/ros2_ex/install/my_robot_bringup/share/my_robot_bringup//config/number_app.yaml
[0.990s] -- Symlinking: /home/bakelbakel/Documents/ros2_ex/install/my_robot_bringup/share/my_robot_bringup//config/radio_config.yaml
[0.997s] -- Symlinking: /home/bakelbakel/Documents/ros2_ex/install/my_robot_bringup/share/ament_index/resource_index/package_run_dependencies/my_robot_bringup
[1.004s] -- Symlinking: /home/bakelbakel/Documents/ros2_ex/install/my_robot_bringup/share/ament_index/resource_index/parent_prefix_path/my_robot_bringup
[1.011s] -- Symlinking: /home/bakelbakel/Documents/ros2_ex/install/my_robot_bringup/share/my_robot_bringup/environment/ament_prefix_path.sh
[1.018s] -- Symlinking: /home/bakelbakel/Documents/ros2_ex/install/my_robot_bringup/share/my_robot_bringup/environment/ament_prefix_path.dsv
[1.026s] -- Symlinking: /home/bakelbakel/Documents/ros2_ex/install/my_robot_bringup/share/my_robot_bringup/environment/path.sh
[1.033s] -- Symlinking: /home/bakelbakel/Documents/ros2_ex/install/my_robot_bringup/share/my_robot_bringup/environment/path.dsv
[1.041s] -- Symlinking: /home/bakelbakel/Documents/ros2_ex/install/my_robot_bringup/share/my_robot_bringup/local_setup.bash
[1.048s] -- Symlinking: /home/bakelbakel/Documents/ros2_ex/install/my_robot_bringup/share/my_robot_bringup/local_setup.sh
[1.055s] -- Symlinking: /home/bakelbakel/Documents/ros2_ex/install/my_robot_bringup/share/my_robot_bringup/local_setup.zsh
[1.063s] -- Symlinking: /home/bakelbakel/Documents/ros2_ex/install/my_robot_bringup/share/my_robot_bringup/local_setup.dsv
[1.072s] -- Symlinking: /home/bakelbakel/Documents/ros2_ex/install/my_robot_bringup/share/my_robot_bringup/package.dsv
[1.079s] -- Symlinking: /home/bakelbakel/Documents/ros2_ex/install/my_robot_bringup/share/ament_index/resource_index/packages/my_robot_bringup
[1.086s] -- Symlinking: /home/bakelbakel/Documents/ros2_ex/install/my_robot_bringup/share/my_robot_bringup/cmake/my_robot_bringupConfig.cmake
[1.095s] -- Symlinking: /home/bakelbakel/Documents/ros2_ex/install/my_robot_bringup/share/my_robot_bringup/cmake/my_robot_bringupConfig-version.cmake
[1.102s] -- Symlinking: /home/bakelbakel/Documents/ros2_ex/install/my_robot_bringup/share/my_robot_bringup/package.xml
[1.110s] Invoked command in '/home/bakelbakel/Documents/ros2_ex/build/my_robot_bringup' returned '0': AMENT_PREFIX_PATH=/home/bakelbakel/Documents/ros2_ex/install/my_py_pkg:/home/bakelbakel/Documents/ros2_ex/install/my_cpp_pkg:/home/bakelbakel/Documents/ros2_ex/install/my_robot_interfaces:${AMENT_PREFIX_PATH} CMAKE_PREFIX_PATH=/home/bakelbakel/Documents/ros2_ex/install/my_cpp_pkg:/home/bakelbakel/Documents/ros2_ex/install/my_robot_interfaces:/opt/ros/jazzy/opt/gz_sim_vendor:/opt/ros/jazzy/opt/gz_sensors_vendor:/opt/ros/jazzy/opt/gz_physics_vendor:/opt/ros/jazzy/opt/sdformat_vendor:/opt/ros/jazzy/opt/gz_gui_vendor:/opt/ros/jazzy/opt/gz_transport_vendor:/opt/ros/jazzy/opt/gz_rendering_vendor:/opt/ros/jazzy/opt/gz_plugin_vendor:/opt/ros/jazzy/opt/gz_fuel_tools_vendor:/opt/ros/jazzy/opt/gz_msgs_vendor:/opt/ros/jazzy/opt/gz_common_vendor:/opt/ros/jazzy/opt/gz_math_vendor:/opt/ros/jazzy/opt/gz_utils_vendor:/opt/ros/jazzy/opt/gz_tools_vendor:/opt/ros/jazzy/opt/gz_ogre_next_vendor:/opt/ros/jazzy/opt/gz_dartsim_vendor:/opt/ros/jazzy/opt/gz_cmake_vendor:/opt/ros/jazzy DEBUGINFOD_URLS=https://debuginfod.ubuntu.com LD_LIBRARY_PATH=/home/bakelbakel/Documents/ros2_ex/install/my_robot_interfaces/lib:${LD_LIBRARY_PATH} PYTHONPATH=/home/bakelbakel/Documents/ros2_ex/build/my_py_pkg:/home/bakelbakel/Documents/ros2_ex/install/my_py_pkg/lib/python3.12/site-packages:/home/bakelbakel/Documents/ros2_ex/install/my_robot_interfaces/lib/python3.12/site-packages:${PYTHONPATH} /usr/bin/cmake --install /home/bakelbakel/Documents/ros2_ex/build/my_robot_bringup
