[0.175s] DEBUG:colcon:Command line arguments: ['/usr/bin/colcon', 'build', '--symlink-install']
[0.175s] DEBUG:colcon:Parsed command line arguments: Namespace(log_base=None, log_level=None, verb_name='build', build_base='build', install_base='install', merge_install=False, symlink_install=True, test_result_base=None, continue_on_error=False, executor='parallel', parallel_workers=12, event_handlers=None, ignore_user_meta=False, metas=['./colcon.meta'], base_paths=['.'], packages_ignore=None, packages_ignore_regex=None, paths=None, packages_up_to=None, packages_up_to_regex=None, packages_above=None, packages_above_and_dependencies=None, packages_above_depth=None, packages_select_by_dep=None, packages_skip_by_dep=None, packages_skip_up_to=None, packages_select_build_failed=False, packages_skip_build_finished=False, packages_select_test_failures=False, packages_skip_test_passed=False, packages_select=None, packages_skip=None, packages_select_regex=None, packages_skip_regex=None, packages_start=None, packages_end=None, allow_overriding=[], cmake_args=None, cmake_target=None, cmake_target_skip_unavailable=False, cmake_clean_cache=False, cmake_clean_first=False, cmake_force_configure=False, ament_cmake_args=None, catkin_cmake_args=None, catkin_skip_building_tests=False, mixin_files=None, mixin=None, verb_parser=<colcon_mixin.mixin.mixin_argument.MixinArgumentDecorator object at 0x7e79c24ba720>, verb_extension=<colcon_core.verb.build.BuildVerb object at 0x7e79c25daae0>, main=<bound method BuildVerb.main of <colcon_core.verb.build.BuildVerb object at 0x7e79c25daae0>>, mixin_verb=('build',))
[0.212s] Level 1:colcon.colcon_core.package_discovery:discover_packages(colcon_meta) check parameters
[0.212s] Level 1:colcon.colcon_core.package_discovery:discover_packages(recursive) check parameters
[0.213s] Level 1:colcon.colcon_core.package_discovery:discover_packages(ignore) check parameters
[0.213s] Level 1:colcon.colcon_core.package_discovery:discover_packages(path) check parameters
[0.213s] Level 1:colcon.colcon_core.package_discovery:discover_packages(colcon_meta) discover
[0.213s] Level 1:colcon.colcon_core.package_discovery:discover_packages(recursive) discover
[0.213s] INFO:colcon.colcon_core.package_discovery:Crawling recursively for packages in '/home/bakelbakel/Documents/ros2_ex'
[0.213s] Level 1:colcon.colcon_core.package_identification:_identify(.) by extensions ['ignore', 'ignore_ament_install']
[0.213s] Level 1:colcon.colcon_core.package_identification:_identify(.) by extension 'ignore'
[0.213s] Level 1:colcon.colcon_core.package_identification:_identify(.) by extension 'ignore_ament_install'
[0.213s] Level 1:colcon.colcon_core.package_identification:_identify(.) by extensions ['colcon_pkg']
[0.213s] Level 1:colcon.colcon_core.package_identification:_identify(.) by extension 'colcon_pkg'
[0.213s] Level 1:colcon.colcon_core.package_identification:_identify(.) by extensions ['colcon_meta']
[0.213s] Level 1:colcon.colcon_core.package_identification:_identify(.) by extension 'colcon_meta'
[0.213s] Level 1:colcon.colcon_core.package_identification:_identify(.) by extensions ['ros']
[0.213s] Level 1:colcon.colcon_core.package_identification:_identify(.) by extension 'ros'
[0.233s] Level 1:colcon.colcon_core.package_identification:_identify(.) by extensions ['cmake', 'python']
[0.233s] Level 1:colcon.colcon_core.package_identification:_identify(.) by extension 'cmake'
[0.233s] Level 1:colcon.colcon_core.package_identification:_identify(.) by extension 'python'
[0.233s] Level 1:colcon.colcon_core.package_identification:_identify(.) by extensions ['python_setup_py']
[0.233s] Level 1:colcon.colcon_core.package_identification:_identify(.) by extension 'python_setup_py'
[0.233s] Level 1:colcon.colcon_core.package_identification:_identify(build) by extensions ['ignore', 'ignore_ament_install']
[0.233s] Level 1:colcon.colcon_core.package_identification:_identify(build) by extension 'ignore'
[0.233s] Level 1:colcon.colcon_core.package_identification:_identify(build) ignored
[0.233s] Level 1:colcon.colcon_core.package_identification:_identify(install) by extensions ['ignore', 'ignore_ament_install']
[0.234s] Level 1:colcon.colcon_core.package_identification:_identify(install) by extension 'ignore'
[0.234s] Level 1:colcon.colcon_core.package_identification:_identify(install) ignored
[0.234s] Level 1:colcon.colcon_core.package_identification:_identify(log) by extensions ['ignore', 'ignore_ament_install']
[0.234s] Level 1:colcon.colcon_core.package_identification:_identify(log) by extension 'ignore'
[0.234s] Level 1:colcon.colcon_core.package_identification:_identify(log) ignored
[0.234s] Level 1:colcon.colcon_core.package_identification:_identify(src) by extensions ['ignore', 'ignore_ament_install']
[0.234s] Level 1:colcon.colcon_core.package_identification:_identify(src) by extension 'ignore'
[0.234s] Level 1:colcon.colcon_core.package_identification:_identify(src) by extension 'ignore_ament_install'
[0.234s] Level 1:colcon.colcon_core.package_identification:_identify(src) by extensions ['colcon_pkg']
[0.234s] Level 1:colcon.colcon_core.package_identification:_identify(src) by extension 'colcon_pkg'
[0.234s] Level 1:colcon.colcon_core.package_identification:_identify(src) by extensions ['colcon_meta']
[0.234s] Level 1:colcon.colcon_core.package_identification:_identify(src) by extension 'colcon_meta'
[0.234s] Level 1:colcon.colcon_core.package_identification:_identify(src) by extensions ['ros']
[0.234s] Level 1:colcon.colcon_core.package_identification:_identify(src) by extension 'ros'
[0.234s] Level 1:colcon.colcon_core.package_identification:_identify(src) by extensions ['cmake', 'python']
[0.234s] Level 1:colcon.colcon_core.package_identification:_identify(src) by extension 'cmake'
[0.234s] Level 1:colcon.colcon_core.package_identification:_identify(src) by extension 'python'
[0.234s] Level 1:colcon.colcon_core.package_identification:_identify(src) by extensions ['python_setup_py']
[0.234s] Level 1:colcon.colcon_core.package_identification:_identify(src) by extension 'python_setup_py'
[0.234s] Level 1:colcon.colcon_core.package_identification:_identify(src/my_cpp_pkg) by extensions ['ignore', 'ignore_ament_install']
[0.234s] Level 1:colcon.colcon_core.package_identification:_identify(src/my_cpp_pkg) by extension 'ignore'
[0.234s] Level 1:colcon.colcon_core.package_identification:_identify(src/my_cpp_pkg) by extension 'ignore_ament_install'
[0.234s] Level 1:colcon.colcon_core.package_identification:_identify(src/my_cpp_pkg) by extensions ['colcon_pkg']
[0.234s] Level 1:colcon.colcon_core.package_identification:_identify(src/my_cpp_pkg) by extension 'colcon_pkg'
[0.234s] Level 1:colcon.colcon_core.package_identification:_identify(src/my_cpp_pkg) by extensions ['colcon_meta']
[0.234s] Level 1:colcon.colcon_core.package_identification:_identify(src/my_cpp_pkg) by extension 'colcon_meta'
[0.234s] Level 1:colcon.colcon_core.package_identification:_identify(src/my_cpp_pkg) by extensions ['ros']
[0.234s] Level 1:colcon.colcon_core.package_identification:_identify(src/my_cpp_pkg) by extension 'ros'
[0.236s] DEBUG:colcon.colcon_core.package_identification:Package 'src/my_cpp_pkg' with type 'ros.ament_cmake' and name 'my_cpp_pkg'
[0.236s] Level 1:colcon.colcon_core.package_identification:_identify(src/my_py_pkg) by extensions ['ignore', 'ignore_ament_install']
[0.236s] Level 1:colcon.colcon_core.package_identification:_identify(src/my_py_pkg) by extension 'ignore'
[0.236s] Level 1:colcon.colcon_core.package_identification:_identify(src/my_py_pkg) by extension 'ignore_ament_install'
[0.236s] Level 1:colcon.colcon_core.package_identification:_identify(src/my_py_pkg) by extensions ['colcon_pkg']
[0.236s] Level 1:colcon.colcon_core.package_identification:_identify(src/my_py_pkg) by extension 'colcon_pkg'
[0.236s] Level 1:colcon.colcon_core.package_identification:_identify(src/my_py_pkg) by extensions ['colcon_meta']
[0.236s] Level 1:colcon.colcon_core.package_identification:_identify(src/my_py_pkg) by extension 'colcon_meta'
[0.236s] Level 1:colcon.colcon_core.package_identification:_identify(src/my_py_pkg) by extensions ['ros']
[0.236s] Level 1:colcon.colcon_core.package_identification:_identify(src/my_py_pkg) by extension 'ros'
[0.237s] DEBUG:colcon.colcon_core.package_identification:Package 'src/my_py_pkg' with type 'ros.ament_python' and name 'my_py_pkg'
[0.237s] Level 1:colcon.colcon_core.package_identification:_identify(src/my_robot_bringup) by extensions ['ignore', 'ignore_ament_install']
[0.237s] Level 1:colcon.colcon_core.package_identification:_identify(src/my_robot_bringup) by extension 'ignore'
[0.237s] Level 1:colcon.colcon_core.package_identification:_identify(src/my_robot_bringup) by extension 'ignore_ament_install'
[0.237s] Level 1:colcon.colcon_core.package_identification:_identify(src/my_robot_bringup) by extensions ['colcon_pkg']
[0.237s] Level 1:colcon.colcon_core.package_identification:_identify(src/my_robot_bringup) by extension 'colcon_pkg'
[0.237s] Level 1:colcon.colcon_core.package_identification:_identify(src/my_robot_bringup) by extensions ['colcon_meta']
[0.237s] Level 1:colcon.colcon_core.package_identification:_identify(src/my_robot_bringup) by extension 'colcon_meta'
[0.237s] Level 1:colcon.colcon_core.package_identification:_identify(src/my_robot_bringup) by extensions ['ros']
[0.237s] Level 1:colcon.colcon_core.package_identification:_identify(src/my_robot_bringup) by extension 'ros'
[0.237s] DEBUG:colcon.colcon_core.package_identification:Package 'src/my_robot_bringup' with type 'ros.ament_cmake' and name 'my_robot_bringup'
[0.237s] Level 1:colcon.colcon_core.package_identification:_identify(src/my_robot_interfaces) by extensions ['ignore', 'ignore_ament_install']
[0.237s] Level 1:colcon.colcon_core.package_identification:_identify(src/my_robot_interfaces) by extension 'ignore'
[0.237s] Level 1:colcon.colcon_core.package_identification:_identify(src/my_robot_interfaces) by extension 'ignore_ament_install'
[0.237s] Level 1:colcon.colcon_core.package_identification:_identify(src/my_robot_interfaces) by extensions ['colcon_pkg']
[0.237s] Level 1:colcon.colcon_core.package_identification:_identify(src/my_robot_interfaces) by extension 'colcon_pkg'
[0.237s] Level 1:colcon.colcon_core.package_identification:_identify(src/my_robot_interfaces) by extensions ['colcon_meta']
[0.237s] Level 1:colcon.colcon_core.package_identification:_identify(src/my_robot_interfaces) by extension 'colcon_meta'
[0.237s] Level 1:colcon.colcon_core.package_identification:_identify(src/my_robot_interfaces) by extensions ['ros']
[0.237s] Level 1:colcon.colcon_core.package_identification:_identify(src/my_robot_interfaces) by extension 'ros'
[0.238s] DEBUG:colcon.colcon_core.package_identification:Package 'src/my_robot_interfaces' with type 'ros.ament_cmake' and name 'my_robot_interfaces'
[0.238s] Level 1:colcon.colcon_core.package_discovery:discover_packages(recursive) using defaults
[0.238s] Level 1:colcon.colcon_core.package_discovery:discover_packages(ignore) discover
[0.238s] Level 1:colcon.colcon_core.package_discovery:discover_packages(ignore) using defaults
[0.238s] Level 1:colcon.colcon_core.package_discovery:discover_packages(path) discover
[0.238s] Level 1:colcon.colcon_core.package_discovery:discover_packages(path) using defaults
[0.253s] Level 1:colcon.colcon_core.package_discovery:discover_packages(prefix_path) check parameters
[0.253s] Level 1:colcon.colcon_core.package_discovery:discover_packages(prefix_path) discover
[0.256s] DEBUG:colcon.colcon_installed_package_information.package_discovery:Found 355 installed packages in /opt/ros/jazzy
[0.257s] Level 1:colcon.colcon_core.package_discovery:discover_packages(prefix_path) using defaults
[0.282s] Level 5:colcon.colcon_core.verb:set package 'my_robot_interfaces' build argument 'cmake_args' from command line to 'None'
[0.282s] Level 5:colcon.colcon_core.verb:set package 'my_robot_interfaces' build argument 'cmake_target' from command line to 'None'
[0.282s] Level 5:colcon.colcon_core.verb:set package 'my_robot_interfaces' build argument 'cmake_target_skip_unavailable' from command line to 'False'
[0.282s] Level 5:colcon.colcon_core.verb:set package 'my_robot_interfaces' build argument 'cmake_clean_cache' from command line to 'False'
[0.282s] Level 5:colcon.colcon_core.verb:set package 'my_robot_interfaces' build argument 'cmake_clean_first' from command line to 'False'
[0.282s] Level 5:colcon.colcon_core.verb:set package 'my_robot_interfaces' build argument 'cmake_force_configure' from command line to 'False'
[0.282s] Level 5:colcon.colcon_core.verb:set package 'my_robot_interfaces' build argument 'ament_cmake_args' from command line to 'None'
[0.282s] Level 5:colcon.colcon_core.verb:set package 'my_robot_interfaces' build argument 'catkin_cmake_args' from command line to 'None'
[0.282s] Level 5:colcon.colcon_core.verb:set package 'my_robot_interfaces' build argument 'catkin_skip_building_tests' from command line to 'False'
[0.282s] DEBUG:colcon.colcon_core.verb:Building package 'my_robot_interfaces' with the following arguments: {'ament_cmake_args': None, 'build_base': '/home/bakelbakel/Documents/ros2_ex/build/my_robot_interfaces', 'catkin_cmake_args': None, 'catkin_skip_building_tests': False, 'cmake_args': None, 'cmake_clean_cache': False, 'cmake_clean_first': False, 'cmake_force_configure': False, 'cmake_target': None, 'cmake_target_skip_unavailable': False, 'install_base': '/home/bakelbakel/Documents/ros2_ex/install/my_robot_interfaces', 'merge_install': False, 'path': '/home/bakelbakel/Documents/ros2_ex/src/my_robot_interfaces', 'symlink_install': True, 'test_result_base': None}
[0.283s] Level 5:colcon.colcon_core.verb:set package 'my_cpp_pkg' build argument 'cmake_args' from command line to 'None'
[0.283s] Level 5:colcon.colcon_core.verb:set package 'my_cpp_pkg' build argument 'cmake_target' from command line to 'None'
[0.283s] Level 5:colcon.colcon_core.verb:set package 'my_cpp_pkg' build argument 'cmake_target_skip_unavailable' from command line to 'False'
[0.283s] Level 5:colcon.colcon_core.verb:set package 'my_cpp_pkg' build argument 'cmake_clean_cache' from command line to 'False'
[0.283s] Level 5:colcon.colcon_core.verb:set package 'my_cpp_pkg' build argument 'cmake_clean_first' from command line to 'False'
[0.283s] Level 5:colcon.colcon_core.verb:set package 'my_cpp_pkg' build argument 'cmake_force_configure' from command line to 'False'
[0.283s] Level 5:colcon.colcon_core.verb:set package 'my_cpp_pkg' build argument 'ament_cmake_args' from command line to 'None'
[0.283s] Level 5:colcon.colcon_core.verb:set package 'my_cpp_pkg' build argument 'catkin_cmake_args' from command line to 'None'
[0.283s] Level 5:colcon.colcon_core.verb:set package 'my_cpp_pkg' build argument 'catkin_skip_building_tests' from command line to 'False'
[0.283s] DEBUG:colcon.colcon_core.verb:Building package 'my_cpp_pkg' with the following arguments: {'ament_cmake_args': None, 'build_base': '/home/bakelbakel/Documents/ros2_ex/build/my_cpp_pkg', 'catkin_cmake_args': None, 'catkin_skip_building_tests': False, 'cmake_args': None, 'cmake_clean_cache': False, 'cmake_clean_first': False, 'cmake_force_configure': False, 'cmake_target': None, 'cmake_target_skip_unavailable': False, 'install_base': '/home/bakelbakel/Documents/ros2_ex/install/my_cpp_pkg', 'merge_install': False, 'path': '/home/bakelbakel/Documents/ros2_ex/src/my_cpp_pkg', 'symlink_install': True, 'test_result_base': None}
[0.283s] Level 5:colcon.colcon_core.verb:set package 'my_py_pkg' build argument 'cmake_args' from command line to 'None'
[0.283s] Level 5:colcon.colcon_core.verb:set package 'my_py_pkg' build argument 'cmake_target' from command line to 'None'
[0.283s] Level 5:colcon.colcon_core.verb:set package 'my_py_pkg' build argument 'cmake_target_skip_unavailable' from command line to 'False'
[0.283s] Level 5:colcon.colcon_core.verb:set package 'my_py_pkg' build argument 'cmake_clean_cache' from command line to 'False'
[0.283s] Level 5:colcon.colcon_core.verb:set package 'my_py_pkg' build argument 'cmake_clean_first' from command line to 'False'
[0.283s] Level 5:colcon.colcon_core.verb:set package 'my_py_pkg' build argument 'cmake_force_configure' from command line to 'False'
[0.283s] Level 5:colcon.colcon_core.verb:set package 'my_py_pkg' build argument 'ament_cmake_args' from command line to 'None'
[0.283s] Level 5:colcon.colcon_core.verb:set package 'my_py_pkg' build argument 'catkin_cmake_args' from command line to 'None'
[0.283s] Level 5:colcon.colcon_core.verb:set package 'my_py_pkg' build argument 'catkin_skip_building_tests' from command line to 'False'
[0.283s] DEBUG:colcon.colcon_core.verb:Building package 'my_py_pkg' with the following arguments: {'ament_cmake_args': None, 'build_base': '/home/bakelbakel/Documents/ros2_ex/build/my_py_pkg', 'catkin_cmake_args': None, 'catkin_skip_building_tests': False, 'cmake_args': None, 'cmake_clean_cache': False, 'cmake_clean_first': False, 'cmake_force_configure': False, 'cmake_target': None, 'cmake_target_skip_unavailable': False, 'install_base': '/home/bakelbakel/Documents/ros2_ex/install/my_py_pkg', 'merge_install': False, 'path': '/home/bakelbakel/Documents/ros2_ex/src/my_py_pkg', 'symlink_install': True, 'test_result_base': None}
[0.283s] Level 5:colcon.colcon_core.verb:set package 'my_robot_bringup' build argument 'cmake_args' from command line to 'None'
[0.283s] Level 5:colcon.colcon_core.verb:set package 'my_robot_bringup' build argument 'cmake_target' from command line to 'None'
[0.283s] Level 5:colcon.colcon_core.verb:set package 'my_robot_bringup' build argument 'cmake_target_skip_unavailable' from command line to 'False'
[0.283s] Level 5:colcon.colcon_core.verb:set package 'my_robot_bringup' build argument 'cmake_clean_cache' from command line to 'False'
[0.283s] Level 5:colcon.colcon_core.verb:set package 'my_robot_bringup' build argument 'cmake_clean_first' from command line to 'False'
[0.283s] Level 5:colcon.colcon_core.verb:set package 'my_robot_bringup' build argument 'cmake_force_configure' from command line to 'False'
[0.283s] Level 5:colcon.colcon_core.verb:set package 'my_robot_bringup' build argument 'ament_cmake_args' from command line to 'None'
[0.283s] Level 5:colcon.colcon_core.verb:set package 'my_robot_bringup' build argument 'catkin_cmake_args' from command line to 'None'
[0.283s] Level 5:colcon.colcon_core.verb:set package 'my_robot_bringup' build argument 'catkin_skip_building_tests' from command line to 'False'
[0.283s] DEBUG:colcon.colcon_core.verb:Building package 'my_robot_bringup' with the following arguments: {'ament_cmake_args': None, 'build_base': '/home/bakelbakel/Documents/ros2_ex/build/my_robot_bringup', 'catkin_cmake_args': None, 'catkin_skip_building_tests': False, 'cmake_args': None, 'cmake_clean_cache': False, 'cmake_clean_first': False, 'cmake_force_configure': False, 'cmake_target': None, 'cmake_target_skip_unavailable': False, 'install_base': '/home/bakelbakel/Documents/ros2_ex/install/my_robot_bringup', 'merge_install': False, 'path': '/home/bakelbakel/Documents/ros2_ex/src/my_robot_bringup', 'symlink_install': True, 'test_result_base': None}
[0.283s] INFO:colcon.colcon_core.executor:Executing jobs using 'parallel' executor
[0.284s] DEBUG:colcon.colcon_parallel_executor.executor.parallel:run_until_complete
[0.284s] INFO:colcon.colcon_ros.task.ament_cmake.build:Building ROS package in '/home/bakelbakel/Documents/ros2_ex/src/my_robot_interfaces' with build type 'ament_cmake'
[0.284s] INFO:colcon.colcon_cmake.task.cmake.build:Building CMake package in '/home/bakelbakel/Documents/ros2_ex/src/my_robot_interfaces'
[0.288s] INFO:colcon.colcon_core.plugin_system:Skipping extension 'colcon_core.shell.bat': Not used on non-Windows systems
[0.288s] INFO:colcon.colcon_core.shell:Skip shell extension 'powershell' for command environment: Not usable outside of PowerShell
[0.288s] DEBUG:colcon.colcon_core.shell:Skip shell extension 'dsv' for command environment
[0.295s] DEBUG:colcon.colcon_core.event_handler.log_command:Invoking command in '/home/bakelbakel/Documents/ros2_ex/build/my_robot_interfaces': CMAKE_PREFIX_PATH=${CMAKE_PREFIX_PATH}:/opt/ros/jazzy DEBUGINFOD_URLS=https://debuginfod.ubuntu.com /usr/bin/cmake /home/bakelbakel/Documents/ros2_ex/src/my_robot_interfaces -DAMENT_CMAKE_SYMLINK_INSTALL=1 -DCMAKE_INSTALL_PREFIX=/home/bakelbakel/Documents/ros2_ex/install/my_robot_interfaces
[3.025s] DEBUG:colcon.colcon_core.event_handler.log_command:Invoked command in '/home/bakelbakel/Documents/ros2_ex/build/my_robot_interfaces' returned '0': CMAKE_PREFIX_PATH=${CMAKE_PREFIX_PATH}:/opt/ros/jazzy DEBUGINFOD_URLS=https://debuginfod.ubuntu.com /usr/bin/cmake /home/bakelbakel/Documents/ros2_ex/src/my_robot_interfaces -DAMENT_CMAKE_SYMLINK_INSTALL=1 -DCMAKE_INSTALL_PREFIX=/home/bakelbakel/Documents/ros2_ex/install/my_robot_interfaces
[3.026s] DEBUG:colcon.colcon_core.event_handler.log_command:Invoking command in '/home/bakelbakel/Documents/ros2_ex/build/my_robot_interfaces': CMAKE_PREFIX_PATH=${CMAKE_PREFIX_PATH}:/opt/ros/jazzy DEBUGINFOD_URLS=https://debuginfod.ubuntu.com /usr/bin/cmake --build /home/bakelbakel/Documents/ros2_ex/build/my_robot_interfaces -- -j12 -l12
[5.993s] DEBUG:colcon.colcon_core.event_handler.log_command:Invoked command in '/home/bakelbakel/Documents/ros2_ex/build/my_robot_interfaces' returned '0': CMAKE_PREFIX_PATH=${CMAKE_PREFIX_PATH}:/opt/ros/jazzy DEBUGINFOD_URLS=https://debuginfod.ubuntu.com /usr/bin/cmake --build /home/bakelbakel/Documents/ros2_ex/build/my_robot_interfaces -- -j12 -l12
[6.001s] DEBUG:colcon.colcon_core.event_handler.log_command:Invoking command in '/home/bakelbakel/Documents/ros2_ex/build/my_robot_interfaces': CMAKE_PREFIX_PATH=${CMAKE_PREFIX_PATH}:/opt/ros/jazzy DEBUGINFOD_URLS=https://debuginfod.ubuntu.com /usr/bin/cmake --install /home/bakelbakel/Documents/ros2_ex/build/my_robot_interfaces
[6.940s] Level 1:colcon.colcon_core.environment:create_environment_scripts_only(my_robot_interfaces)
[6.940s] DEBUG:colcon.colcon_core.event_handler.log_command:Invoked command in '/home/bakelbakel/Documents/ros2_ex/build/my_robot_interfaces' returned '0': CMAKE_PREFIX_PATH=${CMAKE_PREFIX_PATH}:/opt/ros/jazzy DEBUGINFOD_URLS=https://debuginfod.ubuntu.com /usr/bin/cmake --install /home/bakelbakel/Documents/ros2_ex/build/my_robot_interfaces
[6.944s] Level 1:colcon.colcon_core.environment:checking '/home/bakelbakel/Documents/ros2_ex/install/my_robot_interfaces' for CMake module files
[6.944s] Level 1:colcon.colcon_core.environment:checking '/home/bakelbakel/Documents/ros2_ex/install/my_robot_interfaces' for CMake config files
[6.945s] Level 1:colcon.colcon_core.shell:create_environment_hook('my_robot_interfaces', 'cmake_prefix_path')
[6.945s] INFO:colcon.colcon_core.shell:Creating environment hook '/home/bakelbakel/Documents/ros2_ex/install/my_robot_interfaces/share/my_robot_interfaces/hook/cmake_prefix_path.ps1'
[6.946s] INFO:colcon.colcon_core.shell:Creating environment descriptor '/home/bakelbakel/Documents/ros2_ex/install/my_robot_interfaces/share/my_robot_interfaces/hook/cmake_prefix_path.dsv'
[6.946s] INFO:colcon.colcon_core.shell:Creating environment hook '/home/bakelbakel/Documents/ros2_ex/install/my_robot_interfaces/share/my_robot_interfaces/hook/cmake_prefix_path.sh'
[6.947s] Level 1:colcon.colcon_core.environment:checking '/home/bakelbakel/Documents/ros2_ex/install/my_robot_interfaces/lib'
[6.947s] Level 1:colcon.colcon_core.shell:create_environment_hook('my_robot_interfaces', 'ld_library_path_lib')
[6.947s] INFO:colcon.colcon_core.shell:Creating environment hook '/home/bakelbakel/Documents/ros2_ex/install/my_robot_interfaces/share/my_robot_interfaces/hook/ld_library_path_lib.ps1'
[6.947s] INFO:colcon.colcon_core.shell:Creating environment descriptor '/home/bakelbakel/Documents/ros2_ex/install/my_robot_interfaces/share/my_robot_interfaces/hook/ld_library_path_lib.dsv'
[6.947s] INFO:colcon.colcon_core.shell:Creating environment hook '/home/bakelbakel/Documents/ros2_ex/install/my_robot_interfaces/share/my_robot_interfaces/hook/ld_library_path_lib.sh'
[6.947s] Level 1:colcon.colcon_core.environment:checking '/home/bakelbakel/Documents/ros2_ex/install/my_robot_interfaces/bin'
[6.947s] Level 1:colcon.colcon_core.environment:checking '/home/bakelbakel/Documents/ros2_ex/install/my_robot_interfaces/lib/pkgconfig/my_robot_interfaces.pc'
[6.947s] Level 1:colcon.colcon_core.environment:checking '/home/bakelbakel/Documents/ros2_ex/install/my_robot_interfaces/lib/python3.12/site-packages'
[6.947s] Level 1:colcon.colcon_core.shell:create_environment_hook('my_robot_interfaces', 'pythonpath')
[6.948s] INFO:colcon.colcon_core.shell:Creating environment hook '/home/bakelbakel/Documents/ros2_ex/install/my_robot_interfaces/share/my_robot_interfaces/hook/pythonpath.ps1'
[6.948s] INFO:colcon.colcon_core.shell:Creating environment descriptor '/home/bakelbakel/Documents/ros2_ex/install/my_robot_interfaces/share/my_robot_interfaces/hook/pythonpath.dsv'
[6.948s] INFO:colcon.colcon_core.shell:Creating environment hook '/home/bakelbakel/Documents/ros2_ex/install/my_robot_interfaces/share/my_robot_interfaces/hook/pythonpath.sh'
[6.948s] Level 1:colcon.colcon_core.environment:checking '/home/bakelbakel/Documents/ros2_ex/install/my_robot_interfaces/bin'
[6.948s] INFO:colcon.colcon_core.shell:Creating package script '/home/bakelbakel/Documents/ros2_ex/install/my_robot_interfaces/share/my_robot_interfaces/package.ps1'
[6.949s] INFO:colcon.colcon_core.shell:Creating package descriptor '/home/bakelbakel/Documents/ros2_ex/install/my_robot_interfaces/share/my_robot_interfaces/package.dsv'
[6.949s] INFO:colcon.colcon_core.shell:Creating package script '/home/bakelbakel/Documents/ros2_ex/install/my_robot_interfaces/share/my_robot_interfaces/package.sh'
[6.950s] INFO:colcon.colcon_core.shell:Creating package script '/home/bakelbakel/Documents/ros2_ex/install/my_robot_interfaces/share/my_robot_interfaces/package.bash'
[6.950s] INFO:colcon.colcon_core.shell:Creating package script '/home/bakelbakel/Documents/ros2_ex/install/my_robot_interfaces/share/my_robot_interfaces/package.zsh'
[6.951s] Level 1:colcon.colcon_core.environment:create_file_with_runtime_dependencies(/home/bakelbakel/Documents/ros2_ex/install/my_robot_interfaces/share/colcon-core/packages/my_robot_interfaces)
[6.951s] Level 1:colcon.colcon_core.environment:create_environment_scripts_only(my_robot_interfaces)
[6.951s] Level 1:colcon.colcon_core.environment:checking '/home/bakelbakel/Documents/ros2_ex/install/my_robot_interfaces' for CMake module files
[6.951s] Level 1:colcon.colcon_core.environment:checking '/home/bakelbakel/Documents/ros2_ex/install/my_robot_interfaces' for CMake config files
[6.952s] Level 1:colcon.colcon_core.shell:create_environment_hook('my_robot_interfaces', 'cmake_prefix_path')
[6.952s] INFO:colcon.colcon_core.shell:Creating environment hook '/home/bakelbakel/Documents/ros2_ex/install/my_robot_interfaces/share/my_robot_interfaces/hook/cmake_prefix_path.ps1'
[6.952s] INFO:colcon.colcon_core.shell:Creating environment descriptor '/home/bakelbakel/Documents/ros2_ex/install/my_robot_interfaces/share/my_robot_interfaces/hook/cmake_prefix_path.dsv'
[6.952s] INFO:colcon.colcon_core.shell:Creating environment hook '/home/bakelbakel/Documents/ros2_ex/install/my_robot_interfaces/share/my_robot_interfaces/hook/cmake_prefix_path.sh'
[6.952s] Level 1:colcon.colcon_core.environment:checking '/home/bakelbakel/Documents/ros2_ex/install/my_robot_interfaces/lib'
[6.952s] Level 1:colcon.colcon_core.shell:create_environment_hook('my_robot_interfaces', 'ld_library_path_lib')
[6.953s] INFO:colcon.colcon_core.shell:Creating environment hook '/home/bakelbakel/Documents/ros2_ex/install/my_robot_interfaces/share/my_robot_interfaces/hook/ld_library_path_lib.ps1'
[6.953s] INFO:colcon.colcon_core.shell:Creating environment descriptor '/home/bakelbakel/Documents/ros2_ex/install/my_robot_interfaces/share/my_robot_interfaces/hook/ld_library_path_lib.dsv'
[6.953s] INFO:colcon.colcon_core.shell:Creating environment hook '/home/bakelbakel/Documents/ros2_ex/install/my_robot_interfaces/share/my_robot_interfaces/hook/ld_library_path_lib.sh'
[6.953s] Level 1:colcon.colcon_core.environment:checking '/home/bakelbakel/Documents/ros2_ex/install/my_robot_interfaces/bin'
[6.953s] Level 1:colcon.colcon_core.environment:checking '/home/bakelbakel/Documents/ros2_ex/install/my_robot_interfaces/lib/pkgconfig/my_robot_interfaces.pc'
[6.953s] Level 1:colcon.colcon_core.environment:checking '/home/bakelbakel/Documents/ros2_ex/install/my_robot_interfaces/lib/python3.12/site-packages'
[6.953s] Level 1:colcon.colcon_core.shell:create_environment_hook('my_robot_interfaces', 'pythonpath')
[6.953s] INFO:colcon.colcon_core.shell:Creating environment hook '/home/bakelbakel/Documents/ros2_ex/install/my_robot_interfaces/share/my_robot_interfaces/hook/pythonpath.ps1'
[6.954s] INFO:colcon.colcon_core.shell:Creating environment descriptor '/home/bakelbakel/Documents/ros2_ex/install/my_robot_interfaces/share/my_robot_interfaces/hook/pythonpath.dsv'
[6.954s] INFO:colcon.colcon_core.shell:Creating environment hook '/home/bakelbakel/Documents/ros2_ex/install/my_robot_interfaces/share/my_robot_interfaces/hook/pythonpath.sh'
[6.954s] Level 1:colcon.colcon_core.environment:checking '/home/bakelbakel/Documents/ros2_ex/install/my_robot_interfaces/bin'
[6.954s] INFO:colcon.colcon_core.shell:Creating package script '/home/bakelbakel/Documents/ros2_ex/install/my_robot_interfaces/share/my_robot_interfaces/package.ps1'
[6.954s] INFO:colcon.colcon_core.shell:Creating package descriptor '/home/bakelbakel/Documents/ros2_ex/install/my_robot_interfaces/share/my_robot_interfaces/package.dsv'
[6.955s] INFO:colcon.colcon_core.shell:Creating package script '/home/bakelbakel/Documents/ros2_ex/install/my_robot_interfaces/share/my_robot_interfaces/package.sh'
[6.955s] INFO:colcon.colcon_core.shell:Creating package script '/home/bakelbakel/Documents/ros2_ex/install/my_robot_interfaces/share/my_robot_interfaces/package.bash'
[6.955s] INFO:colcon.colcon_core.shell:Creating package script '/home/bakelbakel/Documents/ros2_ex/install/my_robot_interfaces/share/my_robot_interfaces/package.zsh'
[6.955s] Level 1:colcon.colcon_core.environment:create_file_with_runtime_dependencies(/home/bakelbakel/Documents/ros2_ex/install/my_robot_interfaces/share/colcon-core/packages/my_robot_interfaces)
[6.955s] INFO:colcon.colcon_ros.task.ament_cmake.build:Building ROS package in '/home/bakelbakel/Documents/ros2_ex/src/my_cpp_pkg' with build type 'ament_cmake'
[6.955s] INFO:colcon.colcon_cmake.task.cmake.build:Building CMake package in '/home/bakelbakel/Documents/ros2_ex/src/my_cpp_pkg'
[6.955s] INFO:colcon.colcon_core.shell:Skip shell extension 'powershell' for command environment: Not usable outside of PowerShell
[6.955s] DEBUG:colcon.colcon_core.shell:Skip shell extension 'dsv' for command environment
[6.958s] INFO:colcon.colcon_ros.task.ament_python.build:Building ROS package in '/home/bakelbakel/Documents/ros2_ex/src/my_py_pkg' with build type 'ament_python'
[6.958s] Level 1:colcon.colcon_core.shell:create_environment_hook('my_py_pkg', 'ament_prefix_path')
[6.958s] INFO:colcon.colcon_core.shell:Creating environment hook '/home/bakelbakel/Documents/ros2_ex/install/my_py_pkg/share/my_py_pkg/hook/ament_prefix_path.ps1'
[6.959s] INFO:colcon.colcon_core.shell:Creating environment descriptor '/home/bakelbakel/Documents/ros2_ex/install/my_py_pkg/share/my_py_pkg/hook/ament_prefix_path.dsv'
[6.959s] INFO:colcon.colcon_core.shell:Creating environment hook '/home/bakelbakel/Documents/ros2_ex/install/my_py_pkg/share/my_py_pkg/hook/ament_prefix_path.sh'
[6.960s] INFO:colcon.colcon_core.shell:Skip shell extension 'powershell' for command environment: Not usable outside of PowerShell
[6.960s] DEBUG:colcon.colcon_core.shell:Skip shell extension 'dsv' for command environment
[6.967s] DEBUG:colcon.colcon_core.event_handler.log_command:Invoking command in '/home/bakelbakel/Documents/ros2_ex/build/my_cpp_pkg': AMENT_PREFIX_PATH=/home/bakelbakel/Documents/ros2_ex/install/my_robot_interfaces:${AMENT_PREFIX_PATH} CMAKE_PREFIX_PATH=/home/bakelbakel/Documents/ros2_ex/install/my_robot_interfaces:/opt/ros/jazzy/opt/gz_sim_vendor:/opt/ros/jazzy/opt/gz_sensors_vendor:/opt/ros/jazzy/opt/gz_physics_vendor:/opt/ros/jazzy/opt/sdformat_vendor:/opt/ros/jazzy/opt/gz_gui_vendor:/opt/ros/jazzy/opt/gz_transport_vendor:/opt/ros/jazzy/opt/gz_rendering_vendor:/opt/ros/jazzy/opt/gz_plugin_vendor:/opt/ros/jazzy/opt/gz_fuel_tools_vendor:/opt/ros/jazzy/opt/gz_msgs_vendor:/opt/ros/jazzy/opt/gz_common_vendor:/opt/ros/jazzy/opt/gz_math_vendor:/opt/ros/jazzy/opt/gz_utils_vendor:/opt/ros/jazzy/opt/gz_tools_vendor:/opt/ros/jazzy/opt/gz_ogre_next_vendor:/opt/ros/jazzy/opt/gz_dartsim_vendor:/opt/ros/jazzy/opt/gz_cmake_vendor:/opt/ros/jazzy DEBUGINFOD_URLS=https://debuginfod.ubuntu.com LD_LIBRARY_PATH=/home/bakelbakel/Documents/ros2_ex/install/my_robot_interfaces/lib:${LD_LIBRARY_PATH} PYTHONPATH=/home/bakelbakel/Documents/ros2_ex/install/my_robot_interfaces/lib/python3.12/site-packages:${PYTHONPATH} /usr/bin/cmake /home/bakelbakel/Documents/ros2_ex/src/my_cpp_pkg -DAMENT_CMAKE_SYMLINK_INSTALL=1 -DCMAKE_INSTALL_PREFIX=/home/bakelbakel/Documents/ros2_ex/install/my_cpp_pkg
[7.117s] INFO:colcon.colcon_core.task.python.build:Building Python package in '/home/bakelbakel/Documents/ros2_ex/src/my_py_pkg'
[7.117s] INFO:colcon.colcon_core.shell:Skip shell extension 'powershell' for command environment: Not usable outside of PowerShell
[7.117s] DEBUG:colcon.colcon_core.shell:Skip shell extension 'dsv' for command environment
[7.578s] DEBUG:colcon.colcon_core.event_handler.log_command:Invoking command in '/home/bakelbakel/Documents/ros2_ex/build/my_py_pkg': AMENT_PREFIX_PATH=/home/bakelbakel/Documents/ros2_ex/install/my_robot_interfaces:${AMENT_PREFIX_PATH} CMAKE_PREFIX_PATH=/home/bakelbakel/Documents/ros2_ex/install/my_robot_interfaces:${CMAKE_PREFIX_PATH} DEBUGINFOD_URLS=https://debuginfod.ubuntu.com LD_LIBRARY_PATH=/home/bakelbakel/Documents/ros2_ex/install/my_robot_interfaces/lib:${LD_LIBRARY_PATH} PYTHONPATH=/home/bakelbakel/Documents/ros2_ex/build/my_py_pkg/prefix_override:/usr/lib/python3/dist-packages/colcon_core/task/python/colcon_distutils_commands:/home/bakelbakel/Documents/ros2_ex/install/my_py_pkg/lib/python3.12/site-packages:/home/bakelbakel/Documents/ros2_ex/install/my_robot_interfaces/lib/python3.12/site-packages:${PYTHONPATH} /usr/bin/python3 -W ignore:setup.py install is deprecated -W ignore:easy_install command is deprecated setup.py develop --editable --build-directory /home/bakelbakel/Documents/ros2_ex/build/my_py_pkg/build --no-deps symlink_data
[7.973s] Level 1:colcon.colcon_core.shell:create_environment_hook('my_py_pkg', 'pythonpath_develop')
[7.974s] DEBUG:colcon.colcon_core.event_handler.log_command:Invoked command in '/home/bakelbakel/Documents/ros2_ex/build/my_py_pkg' returned '0': AMENT_PREFIX_PATH=/home/bakelbakel/Documents/ros2_ex/install/my_robot_interfaces:${AMENT_PREFIX_PATH} CMAKE_PREFIX_PATH=/home/bakelbakel/Documents/ros2_ex/install/my_robot_interfaces:${CMAKE_PREFIX_PATH} DEBUGINFOD_URLS=https://debuginfod.ubuntu.com LD_LIBRARY_PATH=/home/bakelbakel/Documents/ros2_ex/install/my_robot_interfaces/lib:${LD_LIBRARY_PATH} PYTHONPATH=/home/bakelbakel/Documents/ros2_ex/build/my_py_pkg/prefix_override:/usr/lib/python3/dist-packages/colcon_core/task/python/colcon_distutils_commands:/home/bakelbakel/Documents/ros2_ex/install/my_py_pkg/lib/python3.12/site-packages:/home/bakelbakel/Documents/ros2_ex/install/my_robot_interfaces/lib/python3.12/site-packages:${PYTHONPATH} /usr/bin/python3 -W ignore:setup.py install is deprecated -W ignore:easy_install command is deprecated setup.py develop --editable --build-directory /home/bakelbakel/Documents/ros2_ex/build/my_py_pkg/build --no-deps symlink_data
[7.974s] INFO:colcon.colcon_core.shell:Creating environment hook '/home/bakelbakel/Documents/ros2_ex/build/my_py_pkg/share/my_py_pkg/hook/pythonpath_develop.ps1'
[7.974s] INFO:colcon.colcon_core.shell:Creating environment descriptor '/home/bakelbakel/Documents/ros2_ex/build/my_py_pkg/share/my_py_pkg/hook/pythonpath_develop.dsv'
[7.974s] INFO:colcon.colcon_core.shell:Creating environment hook '/home/bakelbakel/Documents/ros2_ex/build/my_py_pkg/share/my_py_pkg/hook/pythonpath_develop.sh'
[7.975s] Level 1:colcon.colcon_core.environment:checking '/home/bakelbakel/Documents/ros2_ex/install/my_py_pkg' for CMake module files
[7.975s] Level 1:colcon.colcon_core.environment:checking '/home/bakelbakel/Documents/ros2_ex/install/my_py_pkg' for CMake config files
[7.975s] Level 1:colcon.colcon_core.environment:checking '/home/bakelbakel/Documents/ros2_ex/install/my_py_pkg/lib'
[7.975s] Level 1:colcon.colcon_core.environment:checking '/home/bakelbakel/Documents/ros2_ex/install/my_py_pkg/bin'
[7.975s] Level 1:colcon.colcon_core.environment:checking '/home/bakelbakel/Documents/ros2_ex/install/my_py_pkg/lib/pkgconfig/my_py_pkg.pc'
[7.975s] Level 1:colcon.colcon_core.environment:checking '/home/bakelbakel/Documents/ros2_ex/install/my_py_pkg/lib/python3.12/site-packages'
[7.975s] Level 1:colcon.colcon_core.shell:create_environment_hook('my_py_pkg', 'pythonpath')
[7.976s] INFO:colcon.colcon_core.shell:Creating environment hook '/home/bakelbakel/Documents/ros2_ex/install/my_py_pkg/share/my_py_pkg/hook/pythonpath.ps1'
[7.976s] INFO:colcon.colcon_core.shell:Creating environment descriptor '/home/bakelbakel/Documents/ros2_ex/install/my_py_pkg/share/my_py_pkg/hook/pythonpath.dsv'
[7.976s] INFO:colcon.colcon_core.shell:Creating environment hook '/home/bakelbakel/Documents/ros2_ex/install/my_py_pkg/share/my_py_pkg/hook/pythonpath.sh'
[7.976s] Level 1:colcon.colcon_core.environment:checking '/home/bakelbakel/Documents/ros2_ex/install/my_py_pkg/bin'
[7.976s] Level 1:colcon.colcon_core.environment:create_environment_scripts_only(my_py_pkg)
[7.976s] INFO:colcon.colcon_core.shell:Creating package script '/home/bakelbakel/Documents/ros2_ex/install/my_py_pkg/share/my_py_pkg/package.ps1'
[7.977s] INFO:colcon.colcon_core.shell:Creating package descriptor '/home/bakelbakel/Documents/ros2_ex/install/my_py_pkg/share/my_py_pkg/package.dsv'
[7.977s] INFO:colcon.colcon_core.shell:Creating package script '/home/bakelbakel/Documents/ros2_ex/install/my_py_pkg/share/my_py_pkg/package.sh'
[7.977s] INFO:colcon.colcon_core.shell:Creating package script '/home/bakelbakel/Documents/ros2_ex/install/my_py_pkg/share/my_py_pkg/package.bash'
[7.977s] INFO:colcon.colcon_core.shell:Creating package script '/home/bakelbakel/Documents/ros2_ex/install/my_py_pkg/share/my_py_pkg/package.zsh'
[7.977s] Level 1:colcon.colcon_core.environment:create_file_with_runtime_dependencies(/home/bakelbakel/Documents/ros2_ex/install/my_py_pkg/share/colcon-core/packages/my_py_pkg)
[8.159s] DEBUG:colcon.colcon_core.event_handler.log_command:Invoked command in '/home/bakelbakel/Documents/ros2_ex/build/my_cpp_pkg' returned '0': AMENT_PREFIX_PATH=/home/bakelbakel/Documents/ros2_ex/install/my_robot_interfaces:${AMENT_PREFIX_PATH} CMAKE_PREFIX_PATH=/home/bakelbakel/Documents/ros2_ex/install/my_robot_interfaces:/opt/ros/jazzy/opt/gz_sim_vendor:/opt/ros/jazzy/opt/gz_sensors_vendor:/opt/ros/jazzy/opt/gz_physics_vendor:/opt/ros/jazzy/opt/sdformat_vendor:/opt/ros/jazzy/opt/gz_gui_vendor:/opt/ros/jazzy/opt/gz_transport_vendor:/opt/ros/jazzy/opt/gz_rendering_vendor:/opt/ros/jazzy/opt/gz_plugin_vendor:/opt/ros/jazzy/opt/gz_fuel_tools_vendor:/opt/ros/jazzy/opt/gz_msgs_vendor:/opt/ros/jazzy/opt/gz_common_vendor:/opt/ros/jazzy/opt/gz_math_vendor:/opt/ros/jazzy/opt/gz_utils_vendor:/opt/ros/jazzy/opt/gz_tools_vendor:/opt/ros/jazzy/opt/gz_ogre_next_vendor:/opt/ros/jazzy/opt/gz_dartsim_vendor:/opt/ros/jazzy/opt/gz_cmake_vendor:/opt/ros/jazzy DEBUGINFOD_URLS=https://debuginfod.ubuntu.com LD_LIBRARY_PATH=/home/bakelbakel/Documents/ros2_ex/install/my_robot_interfaces/lib:${LD_LIBRARY_PATH} PYTHONPATH=/home/bakelbakel/Documents/ros2_ex/install/my_robot_interfaces/lib/python3.12/site-packages:${PYTHONPATH} /usr/bin/cmake /home/bakelbakel/Documents/ros2_ex/src/my_cpp_pkg -DAMENT_CMAKE_SYMLINK_INSTALL=1 -DCMAKE_INSTALL_PREFIX=/home/bakelbakel/Documents/ros2_ex/install/my_cpp_pkg
[8.159s] DEBUG:colcon.colcon_core.event_handler.log_command:Invoking command in '/home/bakelbakel/Documents/ros2_ex/build/my_cpp_pkg': AMENT_PREFIX_PATH=/home/bakelbakel/Documents/ros2_ex/install/my_robot_interfaces:${AMENT_PREFIX_PATH} CMAKE_PREFIX_PATH=/home/bakelbakel/Documents/ros2_ex/install/my_robot_interfaces:/opt/ros/jazzy/opt/gz_sim_vendor:/opt/ros/jazzy/opt/gz_sensors_vendor:/opt/ros/jazzy/opt/gz_physics_vendor:/opt/ros/jazzy/opt/sdformat_vendor:/opt/ros/jazzy/opt/gz_gui_vendor:/opt/ros/jazzy/opt/gz_transport_vendor:/opt/ros/jazzy/opt/gz_rendering_vendor:/opt/ros/jazzy/opt/gz_plugin_vendor:/opt/ros/jazzy/opt/gz_fuel_tools_vendor:/opt/ros/jazzy/opt/gz_msgs_vendor:/opt/ros/jazzy/opt/gz_common_vendor:/opt/ros/jazzy/opt/gz_math_vendor:/opt/ros/jazzy/opt/gz_utils_vendor:/opt/ros/jazzy/opt/gz_tools_vendor:/opt/ros/jazzy/opt/gz_ogre_next_vendor:/opt/ros/jazzy/opt/gz_dartsim_vendor:/opt/ros/jazzy/opt/gz_cmake_vendor:/opt/ros/jazzy DEBUGINFOD_URLS=https://debuginfod.ubuntu.com LD_LIBRARY_PATH=/home/bakelbakel/Documents/ros2_ex/install/my_robot_interfaces/lib:${LD_LIBRARY_PATH} PYTHONPATH=/home/bakelbakel/Documents/ros2_ex/install/my_robot_interfaces/lib/python3.12/site-packages:${PYTHONPATH} /usr/bin/cmake --build /home/bakelbakel/Documents/ros2_ex/build/my_cpp_pkg -- -j12 -l12
[644.225s] DEBUG:colcon.colcon_core.event_handler.log_command:Invoked command in '/home/bakelbakel/Documents/ros2_ex/build/my_cpp_pkg' returned '0': AMENT_PREFIX_PATH=/home/bakelbakel/Documents/ros2_ex/install/my_robot_interfaces:${AMENT_PREFIX_PATH} CMAKE_PREFIX_PATH=/home/bakelbakel/Documents/ros2_ex/install/my_robot_interfaces:/opt/ros/jazzy/opt/gz_sim_vendor:/opt/ros/jazzy/opt/gz_sensors_vendor:/opt/ros/jazzy/opt/gz_physics_vendor:/opt/ros/jazzy/opt/sdformat_vendor:/opt/ros/jazzy/opt/gz_gui_vendor:/opt/ros/jazzy/opt/gz_transport_vendor:/opt/ros/jazzy/opt/gz_rendering_vendor:/opt/ros/jazzy/opt/gz_plugin_vendor:/opt/ros/jazzy/opt/gz_fuel_tools_vendor:/opt/ros/jazzy/opt/gz_msgs_vendor:/opt/ros/jazzy/opt/gz_common_vendor:/opt/ros/jazzy/opt/gz_math_vendor:/opt/ros/jazzy/opt/gz_utils_vendor:/opt/ros/jazzy/opt/gz_tools_vendor:/opt/ros/jazzy/opt/gz_ogre_next_vendor:/opt/ros/jazzy/opt/gz_dartsim_vendor:/opt/ros/jazzy/opt/gz_cmake_vendor:/opt/ros/jazzy DEBUGINFOD_URLS=https://debuginfod.ubuntu.com LD_LIBRARY_PATH=/home/bakelbakel/Documents/ros2_ex/install/my_robot_interfaces/lib:${LD_LIBRARY_PATH} PYTHONPATH=/home/bakelbakel/Documents/ros2_ex/install/my_robot_interfaces/lib/python3.12/site-packages:${PYTHONPATH} /usr/bin/cmake --build /home/bakelbakel/Documents/ros2_ex/build/my_cpp_pkg -- -j12 -l12
[644.235s] DEBUG:colcon.colcon_core.event_handler.log_command:Invoking command in '/home/bakelbakel/Documents/ros2_ex/build/my_cpp_pkg': AMENT_PREFIX_PATH=/home/bakelbakel/Documents/ros2_ex/install/my_robot_interfaces:${AMENT_PREFIX_PATH} CMAKE_PREFIX_PATH=/home/bakelbakel/Documents/ros2_ex/install/my_robot_interfaces:/opt/ros/jazzy/opt/gz_sim_vendor:/opt/ros/jazzy/opt/gz_sensors_vendor:/opt/ros/jazzy/opt/gz_physics_vendor:/opt/ros/jazzy/opt/sdformat_vendor:/opt/ros/jazzy/opt/gz_gui_vendor:/opt/ros/jazzy/opt/gz_transport_vendor:/opt/ros/jazzy/opt/gz_rendering_vendor:/opt/ros/jazzy/opt/gz_plugin_vendor:/opt/ros/jazzy/opt/gz_fuel_tools_vendor:/opt/ros/jazzy/opt/gz_msgs_vendor:/opt/ros/jazzy/opt/gz_common_vendor:/opt/ros/jazzy/opt/gz_math_vendor:/opt/ros/jazzy/opt/gz_utils_vendor:/opt/ros/jazzy/opt/gz_tools_vendor:/opt/ros/jazzy/opt/gz_ogre_next_vendor:/opt/ros/jazzy/opt/gz_dartsim_vendor:/opt/ros/jazzy/opt/gz_cmake_vendor:/opt/ros/jazzy DEBUGINFOD_URLS=https://debuginfod.ubuntu.com LD_LIBRARY_PATH=/home/bakelbakel/Documents/ros2_ex/install/my_robot_interfaces/lib:${LD_LIBRARY_PATH} PYTHONPATH=/home/bakelbakel/Documents/ros2_ex/install/my_robot_interfaces/lib/python3.12/site-packages:${PYTHONPATH} /usr/bin/cmake --install /home/bakelbakel/Documents/ros2_ex/build/my_cpp_pkg
[644.478s] Level 1:colcon.colcon_core.environment:create_environment_scripts_only(my_cpp_pkg)
[644.479s] Level 1:colcon.colcon_core.environment:checking '/home/bakelbakel/Documents/ros2_ex/install/my_cpp_pkg' for CMake module files
[644.480s] DEBUG:colcon.colcon_core.event_handler.log_command:Invoked command in '/home/bakelbakel/Documents/ros2_ex/build/my_cpp_pkg' returned '0': AMENT_PREFIX_PATH=/home/bakelbakel/Documents/ros2_ex/install/my_robot_interfaces:${AMENT_PREFIX_PATH} CMAKE_PREFIX_PATH=/home/bakelbakel/Documents/ros2_ex/install/my_robot_interfaces:/opt/ros/jazzy/opt/gz_sim_vendor:/opt/ros/jazzy/opt/gz_sensors_vendor:/opt/ros/jazzy/opt/gz_physics_vendor:/opt/ros/jazzy/opt/sdformat_vendor:/opt/ros/jazzy/opt/gz_gui_vendor:/opt/ros/jazzy/opt/gz_transport_vendor:/opt/ros/jazzy/opt/gz_rendering_vendor:/opt/ros/jazzy/opt/gz_plugin_vendor:/opt/ros/jazzy/opt/gz_fuel_tools_vendor:/opt/ros/jazzy/opt/gz_msgs_vendor:/opt/ros/jazzy/opt/gz_common_vendor:/opt/ros/jazzy/opt/gz_math_vendor:/opt/ros/jazzy/opt/gz_utils_vendor:/opt/ros/jazzy/opt/gz_tools_vendor:/opt/ros/jazzy/opt/gz_ogre_next_vendor:/opt/ros/jazzy/opt/gz_dartsim_vendor:/opt/ros/jazzy/opt/gz_cmake_vendor:/opt/ros/jazzy DEBUGINFOD_URLS=https://debuginfod.ubuntu.com LD_LIBRARY_PATH=/home/bakelbakel/Documents/ros2_ex/install/my_robot_interfaces/lib:${LD_LIBRARY_PATH} PYTHONPATH=/home/bakelbakel/Documents/ros2_ex/install/my_robot_interfaces/lib/python3.12/site-packages:${PYTHONPATH} /usr/bin/cmake --install /home/bakelbakel/Documents/ros2_ex/build/my_cpp_pkg
[644.480s] Level 1:colcon.colcon_core.environment:checking '/home/bakelbakel/Documents/ros2_ex/install/my_cpp_pkg' for CMake config files
[644.481s] Level 1:colcon.colcon_core.shell:create_environment_hook('my_cpp_pkg', 'cmake_prefix_path')
[644.481s] INFO:colcon.colcon_core.shell:Creating environment hook '/home/bakelbakel/Documents/ros2_ex/install/my_cpp_pkg/share/my_cpp_pkg/hook/cmake_prefix_path.ps1'
[644.484s] INFO:colcon.colcon_core.shell:Creating environment descriptor '/home/bakelbakel/Documents/ros2_ex/install/my_cpp_pkg/share/my_cpp_pkg/hook/cmake_prefix_path.dsv'
[644.485s] INFO:colcon.colcon_core.shell:Creating environment hook '/home/bakelbakel/Documents/ros2_ex/install/my_cpp_pkg/share/my_cpp_pkg/hook/cmake_prefix_path.sh'
[644.486s] Level 1:colcon.colcon_core.environment:checking '/home/bakelbakel/Documents/ros2_ex/install/my_cpp_pkg/lib'
[644.486s] Level 1:colcon.colcon_core.environment:checking '/home/bakelbakel/Documents/ros2_ex/install/my_cpp_pkg/bin'
[644.486s] Level 1:colcon.colcon_core.environment:checking '/home/bakelbakel/Documents/ros2_ex/install/my_cpp_pkg/lib/pkgconfig/my_cpp_pkg.pc'
[644.487s] Level 1:colcon.colcon_core.environment:checking '/home/bakelbakel/Documents/ros2_ex/install/my_cpp_pkg/lib/python3.12/site-packages'
[644.487s] Level 1:colcon.colcon_core.environment:checking '/home/bakelbakel/Documents/ros2_ex/install/my_cpp_pkg/bin'
[644.488s] INFO:colcon.colcon_core.shell:Creating package script '/home/bakelbakel/Documents/ros2_ex/install/my_cpp_pkg/share/my_cpp_pkg/package.ps1'
[644.488s] INFO:colcon.colcon_core.shell:Creating package descriptor '/home/bakelbakel/Documents/ros2_ex/install/my_cpp_pkg/share/my_cpp_pkg/package.dsv'
[644.489s] INFO:colcon.colcon_core.shell:Creating package script '/home/bakelbakel/Documents/ros2_ex/install/my_cpp_pkg/share/my_cpp_pkg/package.sh'
[644.489s] INFO:colcon.colcon_core.shell:Creating package script '/home/bakelbakel/Documents/ros2_ex/install/my_cpp_pkg/share/my_cpp_pkg/package.bash'
[644.490s] INFO:colcon.colcon_core.shell:Creating package script '/home/bakelbakel/Documents/ros2_ex/install/my_cpp_pkg/share/my_cpp_pkg/package.zsh'
[644.491s] Level 1:colcon.colcon_core.environment:create_file_with_runtime_dependencies(/home/bakelbakel/Documents/ros2_ex/install/my_cpp_pkg/share/colcon-core/packages/my_cpp_pkg)
[644.491s] Level 1:colcon.colcon_core.environment:create_environment_scripts_only(my_cpp_pkg)
[644.492s] Level 1:colcon.colcon_core.environment:checking '/home/bakelbakel/Documents/ros2_ex/install/my_cpp_pkg' for CMake module files
[644.492s] Level 1:colcon.colcon_core.environment:checking '/home/bakelbakel/Documents/ros2_ex/install/my_cpp_pkg' for CMake config files
[644.492s] Level 1:colcon.colcon_core.shell:create_environment_hook('my_cpp_pkg', 'cmake_prefix_path')
[644.492s] INFO:colcon.colcon_core.shell:Creating environment hook '/home/bakelbakel/Documents/ros2_ex/install/my_cpp_pkg/share/my_cpp_pkg/hook/cmake_prefix_path.ps1'
[644.492s] INFO:colcon.colcon_core.shell:Creating environment descriptor '/home/bakelbakel/Documents/ros2_ex/install/my_cpp_pkg/share/my_cpp_pkg/hook/cmake_prefix_path.dsv'
[644.492s] INFO:colcon.colcon_core.shell:Creating environment hook '/home/bakelbakel/Documents/ros2_ex/install/my_cpp_pkg/share/my_cpp_pkg/hook/cmake_prefix_path.sh'
[644.493s] Level 1:colcon.colcon_core.environment:checking '/home/bakelbakel/Documents/ros2_ex/install/my_cpp_pkg/lib'
[644.493s] Level 1:colcon.colcon_core.environment:checking '/home/bakelbakel/Documents/ros2_ex/install/my_cpp_pkg/bin'
[644.493s] Level 1:colcon.colcon_core.environment:checking '/home/bakelbakel/Documents/ros2_ex/install/my_cpp_pkg/lib/pkgconfig/my_cpp_pkg.pc'
[644.493s] Level 1:colcon.colcon_core.environment:checking '/home/bakelbakel/Documents/ros2_ex/install/my_cpp_pkg/lib/python3.12/site-packages'
[644.493s] Level 1:colcon.colcon_core.environment:checking '/home/bakelbakel/Documents/ros2_ex/install/my_cpp_pkg/bin'
[644.493s] INFO:colcon.colcon_core.shell:Creating package script '/home/bakelbakel/Documents/ros2_ex/install/my_cpp_pkg/share/my_cpp_pkg/package.ps1'
[644.494s] INFO:colcon.colcon_core.shell:Creating package descriptor '/home/bakelbakel/Documents/ros2_ex/install/my_cpp_pkg/share/my_cpp_pkg/package.dsv'
[644.494s] INFO:colcon.colcon_core.shell:Creating package script '/home/bakelbakel/Documents/ros2_ex/install/my_cpp_pkg/share/my_cpp_pkg/package.sh'
[644.494s] INFO:colcon.colcon_core.shell:Creating package script '/home/bakelbakel/Documents/ros2_ex/install/my_cpp_pkg/share/my_cpp_pkg/package.bash'
[644.494s] INFO:colcon.colcon_core.shell:Creating package script '/home/bakelbakel/Documents/ros2_ex/install/my_cpp_pkg/share/my_cpp_pkg/package.zsh'
[644.495s] Level 1:colcon.colcon_core.environment:create_file_with_runtime_dependencies(/home/bakelbakel/Documents/ros2_ex/install/my_cpp_pkg/share/colcon-core/packages/my_cpp_pkg)
[644.495s] INFO:colcon.colcon_ros.task.ament_cmake.build:Building ROS package in '/home/bakelbakel/Documents/ros2_ex/src/my_robot_bringup' with build type 'ament_cmake'
[644.496s] INFO:colcon.colcon_cmake.task.cmake.build:Building CMake package in '/home/bakelbakel/Documents/ros2_ex/src/my_robot_bringup'
[644.496s] INFO:colcon.colcon_core.shell:Skip shell extension 'powershell' for command environment: Not usable outside of PowerShell
[644.496s] DEBUG:colcon.colcon_core.shell:Skip shell extension 'dsv' for command environment
[644.514s] DEBUG:colcon.colcon_core.event_handler.log_command:Invoking command in '/home/bakelbakel/Documents/ros2_ex/build/my_robot_bringup': AMENT_PREFIX_PATH=/home/bakelbakel/Documents/ros2_ex/install/my_py_pkg:/home/bakelbakel/Documents/ros2_ex/install/my_cpp_pkg:/home/bakelbakel/Documents/ros2_ex/install/my_robot_interfaces:${AMENT_PREFIX_PATH} CMAKE_PREFIX_PATH=/home/bakelbakel/Documents/ros2_ex/install/my_cpp_pkg:/home/bakelbakel/Documents/ros2_ex/install/my_robot_interfaces:/opt/ros/jazzy/opt/gz_sim_vendor:/opt/ros/jazzy/opt/gz_sensors_vendor:/opt/ros/jazzy/opt/gz_physics_vendor:/opt/ros/jazzy/opt/sdformat_vendor:/opt/ros/jazzy/opt/gz_gui_vendor:/opt/ros/jazzy/opt/gz_transport_vendor:/opt/ros/jazzy/opt/gz_rendering_vendor:/opt/ros/jazzy/opt/gz_plugin_vendor:/opt/ros/jazzy/opt/gz_fuel_tools_vendor:/opt/ros/jazzy/opt/gz_msgs_vendor:/opt/ros/jazzy/opt/gz_common_vendor:/opt/ros/jazzy/opt/gz_math_vendor:/opt/ros/jazzy/opt/gz_utils_vendor:/opt/ros/jazzy/opt/gz_tools_vendor:/opt/ros/jazzy/opt/gz_ogre_next_vendor:/opt/ros/jazzy/opt/gz_dartsim_vendor:/opt/ros/jazzy/opt/gz_cmake_vendor:/opt/ros/jazzy DEBUGINFOD_URLS=https://debuginfod.ubuntu.com LD_LIBRARY_PATH=/home/bakelbakel/Documents/ros2_ex/install/my_robot_interfaces/lib:${LD_LIBRARY_PATH} PYTHONPATH=/home/bakelbakel/Documents/ros2_ex/build/my_py_pkg:/home/bakelbakel/Documents/ros2_ex/install/my_py_pkg/lib/python3.12/site-packages:/home/bakelbakel/Documents/ros2_ex/install/my_robot_interfaces/lib/python3.12/site-packages:${PYTHONPATH} /usr/bin/cmake /home/bakelbakel/Documents/ros2_ex/src/my_robot_bringup -DAMENT_CMAKE_SYMLINK_INSTALL=1 -DCMAKE_INSTALL_PREFIX=/home/bakelbakel/Documents/ros2_ex/install/my_robot_bringup
[645.404s] DEBUG:colcon.colcon_core.event_handler.log_command:Invoked command in '/home/bakelbakel/Documents/ros2_ex/build/my_robot_bringup' returned '0': AMENT_PREFIX_PATH=/home/bakelbakel/Documents/ros2_ex/install/my_py_pkg:/home/bakelbakel/Documents/ros2_ex/install/my_cpp_pkg:/home/bakelbakel/Documents/ros2_ex/install/my_robot_interfaces:${AMENT_PREFIX_PATH} CMAKE_PREFIX_PATH=/home/bakelbakel/Documents/ros2_ex/install/my_cpp_pkg:/home/bakelbakel/Documents/ros2_ex/install/my_robot_interfaces:/opt/ros/jazzy/opt/gz_sim_vendor:/opt/ros/jazzy/opt/gz_sensors_vendor:/opt/ros/jazzy/opt/gz_physics_vendor:/opt/ros/jazzy/opt/sdformat_vendor:/opt/ros/jazzy/opt/gz_gui_vendor:/opt/ros/jazzy/opt/gz_transport_vendor:/opt/ros/jazzy/opt/gz_rendering_vendor:/opt/ros/jazzy/opt/gz_plugin_vendor:/opt/ros/jazzy/opt/gz_fuel_tools_vendor:/opt/ros/jazzy/opt/gz_msgs_vendor:/opt/ros/jazzy/opt/gz_common_vendor:/opt/ros/jazzy/opt/gz_math_vendor:/opt/ros/jazzy/opt/gz_utils_vendor:/opt/ros/jazzy/opt/gz_tools_vendor:/opt/ros/jazzy/opt/gz_ogre_next_vendor:/opt/ros/jazzy/opt/gz_dartsim_vendor:/opt/ros/jazzy/opt/gz_cmake_vendor:/opt/ros/jazzy DEBUGINFOD_URLS=https://debuginfod.ubuntu.com LD_LIBRARY_PATH=/home/bakelbakel/Documents/ros2_ex/install/my_robot_interfaces/lib:${LD_LIBRARY_PATH} PYTHONPATH=/home/bakelbakel/Documents/ros2_ex/build/my_py_pkg:/home/bakelbakel/Documents/ros2_ex/install/my_py_pkg/lib/python3.12/site-packages:/home/bakelbakel/Documents/ros2_ex/install/my_robot_interfaces/lib/python3.12/site-packages:${PYTHONPATH} /usr/bin/cmake /home/bakelbakel/Documents/ros2_ex/src/my_robot_bringup -DAMENT_CMAKE_SYMLINK_INSTALL=1 -DCMAKE_INSTALL_PREFIX=/home/bakelbakel/Documents/ros2_ex/install/my_robot_bringup
[645.404s] DEBUG:colcon.colcon_core.event_handler.log_command:Invoking command in '/home/bakelbakel/Documents/ros2_ex/build/my_robot_bringup': AMENT_PREFIX_PATH=/home/bakelbakel/Documents/ros2_ex/install/my_py_pkg:/home/bakelbakel/Documents/ros2_ex/install/my_cpp_pkg:/home/bakelbakel/Documents/ros2_ex/install/my_robot_interfaces:${AMENT_PREFIX_PATH} CMAKE_PREFIX_PATH=/home/bakelbakel/Documents/ros2_ex/install/my_cpp_pkg:/home/bakelbakel/Documents/ros2_ex/install/my_robot_interfaces:/opt/ros/jazzy/opt/gz_sim_vendor:/opt/ros/jazzy/opt/gz_sensors_vendor:/opt/ros/jazzy/opt/gz_physics_vendor:/opt/ros/jazzy/opt/sdformat_vendor:/opt/ros/jazzy/opt/gz_gui_vendor:/opt/ros/jazzy/opt/gz_transport_vendor:/opt/ros/jazzy/opt/gz_rendering_vendor:/opt/ros/jazzy/opt/gz_plugin_vendor:/opt/ros/jazzy/opt/gz_fuel_tools_vendor:/opt/ros/jazzy/opt/gz_msgs_vendor:/opt/ros/jazzy/opt/gz_common_vendor:/opt/ros/jazzy/opt/gz_math_vendor:/opt/ros/jazzy/opt/gz_utils_vendor:/opt/ros/jazzy/opt/gz_tools_vendor:/opt/ros/jazzy/opt/gz_ogre_next_vendor:/opt/ros/jazzy/opt/gz_dartsim_vendor:/opt/ros/jazzy/opt/gz_cmake_vendor:/opt/ros/jazzy DEBUGINFOD_URLS=https://debuginfod.ubuntu.com LD_LIBRARY_PATH=/home/bakelbakel/Documents/ros2_ex/install/my_robot_interfaces/lib:${LD_LIBRARY_PATH} PYTHONPATH=/home/bakelbakel/Documents/ros2_ex/build/my_py_pkg:/home/bakelbakel/Documents/ros2_ex/install/my_py_pkg/lib/python3.12/site-packages:/home/bakelbakel/Documents/ros2_ex/install/my_robot_interfaces/lib/python3.12/site-packages:${PYTHONPATH} /usr/bin/cmake --build /home/bakelbakel/Documents/ros2_ex/build/my_robot_bringup -- -j12 -l12
[645.440s] DEBUG:colcon.colcon_core.event_handler.log_command:Invoked command in '/home/bakelbakel/Documents/ros2_ex/build/my_robot_bringup' returned '0': AMENT_PREFIX_PATH=/home/bakelbakel/Documents/ros2_ex/install/my_py_pkg:/home/bakelbakel/Documents/ros2_ex/install/my_cpp_pkg:/home/bakelbakel/Documents/ros2_ex/install/my_robot_interfaces:${AMENT_PREFIX_PATH} CMAKE_PREFIX_PATH=/home/bakelbakel/Documents/ros2_ex/install/my_cpp_pkg:/home/bakelbakel/Documents/ros2_ex/install/my_robot_interfaces:/opt/ros/jazzy/opt/gz_sim_vendor:/opt/ros/jazzy/opt/gz_sensors_vendor:/opt/ros/jazzy/opt/gz_physics_vendor:/opt/ros/jazzy/opt/sdformat_vendor:/opt/ros/jazzy/opt/gz_gui_vendor:/opt/ros/jazzy/opt/gz_transport_vendor:/opt/ros/jazzy/opt/gz_rendering_vendor:/opt/ros/jazzy/opt/gz_plugin_vendor:/opt/ros/jazzy/opt/gz_fuel_tools_vendor:/opt/ros/jazzy/opt/gz_msgs_vendor:/opt/ros/jazzy/opt/gz_common_vendor:/opt/ros/jazzy/opt/gz_math_vendor:/opt/ros/jazzy/opt/gz_utils_vendor:/opt/ros/jazzy/opt/gz_tools_vendor:/opt/ros/jazzy/opt/gz_ogre_next_vendor:/opt/ros/jazzy/opt/gz_dartsim_vendor:/opt/ros/jazzy/opt/gz_cmake_vendor:/opt/ros/jazzy DEBUGINFOD_URLS=https://debuginfod.ubuntu.com LD_LIBRARY_PATH=/home/bakelbakel/Documents/ros2_ex/install/my_robot_interfaces/lib:${LD_LIBRARY_PATH} PYTHONPATH=/home/bakelbakel/Documents/ros2_ex/build/my_py_pkg:/home/bakelbakel/Documents/ros2_ex/install/my_py_pkg/lib/python3.12/site-packages:/home/bakelbakel/Documents/ros2_ex/install/my_robot_interfaces/lib/python3.12/site-packages:${PYTHONPATH} /usr/bin/cmake --build /home/bakelbakel/Documents/ros2_ex/build/my_robot_bringup -- -j12 -l12
[645.441s] DEBUG:colcon.colcon_core.event_handler.log_command:Invoking command in '/home/bakelbakel/Documents/ros2_ex/build/my_robot_bringup': AMENT_PREFIX_PATH=/home/bakelbakel/Documents/ros2_ex/install/my_py_pkg:/home/bakelbakel/Documents/ros2_ex/install/my_cpp_pkg:/home/bakelbakel/Documents/ros2_ex/install/my_robot_interfaces:${AMENT_PREFIX_PATH} CMAKE_PREFIX_PATH=/home/bakelbakel/Documents/ros2_ex/install/my_cpp_pkg:/home/bakelbakel/Documents/ros2_ex/install/my_robot_interfaces:/opt/ros/jazzy/opt/gz_sim_vendor:/opt/ros/jazzy/opt/gz_sensors_vendor:/opt/ros/jazzy/opt/gz_physics_vendor:/opt/ros/jazzy/opt/sdformat_vendor:/opt/ros/jazzy/opt/gz_gui_vendor:/opt/ros/jazzy/opt/gz_transport_vendor:/opt/ros/jazzy/opt/gz_rendering_vendor:/opt/ros/jazzy/opt/gz_plugin_vendor:/opt/ros/jazzy/opt/gz_fuel_tools_vendor:/opt/ros/jazzy/opt/gz_msgs_vendor:/opt/ros/jazzy/opt/gz_common_vendor:/opt/ros/jazzy/opt/gz_math_vendor:/opt/ros/jazzy/opt/gz_utils_vendor:/opt/ros/jazzy/opt/gz_tools_vendor:/opt/ros/jazzy/opt/gz_ogre_next_vendor:/opt/ros/jazzy/opt/gz_dartsim_vendor:/opt/ros/jazzy/opt/gz_cmake_vendor:/opt/ros/jazzy DEBUGINFOD_URLS=https://debuginfod.ubuntu.com LD_LIBRARY_PATH=/home/bakelbakel/Documents/ros2_ex/install/my_robot_interfaces/lib:${LD_LIBRARY_PATH} PYTHONPATH=/home/bakelbakel/Documents/ros2_ex/build/my_py_pkg:/home/bakelbakel/Documents/ros2_ex/install/my_py_pkg/lib/python3.12/site-packages:/home/bakelbakel/Documents/ros2_ex/install/my_robot_interfaces/lib/python3.12/site-packages:${PYTHONPATH} /usr/bin/cmake --install /home/bakelbakel/Documents/ros2_ex/build/my_robot_bringup
[645.607s] Level 1:colcon.colcon_core.environment:create_environment_scripts_only(my_robot_bringup)
[645.607s] Level 1:colcon.colcon_core.environment:checking '/home/bakelbakel/Documents/ros2_ex/install/my_robot_bringup' for CMake module files
[645.607s] DEBUG:colcon.colcon_core.event_handler.log_command:Invoked command in '/home/bakelbakel/Documents/ros2_ex/build/my_robot_bringup' returned '0': AMENT_PREFIX_PATH=/home/bakelbakel/Documents/ros2_ex/install/my_py_pkg:/home/bakelbakel/Documents/ros2_ex/install/my_cpp_pkg:/home/bakelbakel/Documents/ros2_ex/install/my_robot_interfaces:${AMENT_PREFIX_PATH} CMAKE_PREFIX_PATH=/home/bakelbakel/Documents/ros2_ex/install/my_cpp_pkg:/home/bakelbakel/Documents/ros2_ex/install/my_robot_interfaces:/opt/ros/jazzy/opt/gz_sim_vendor:/opt/ros/jazzy/opt/gz_sensors_vendor:/opt/ros/jazzy/opt/gz_physics_vendor:/opt/ros/jazzy/opt/sdformat_vendor:/opt/ros/jazzy/opt/gz_gui_vendor:/opt/ros/jazzy/opt/gz_transport_vendor:/opt/ros/jazzy/opt/gz_rendering_vendor:/opt/ros/jazzy/opt/gz_plugin_vendor:/opt/ros/jazzy/opt/gz_fuel_tools_vendor:/opt/ros/jazzy/opt/gz_msgs_vendor:/opt/ros/jazzy/opt/gz_common_vendor:/opt/ros/jazzy/opt/gz_math_vendor:/opt/ros/jazzy/opt/gz_utils_vendor:/opt/ros/jazzy/opt/gz_tools_vendor:/opt/ros/jazzy/opt/gz_ogre_next_vendor:/opt/ros/jazzy/opt/gz_dartsim_vendor:/opt/ros/jazzy/opt/gz_cmake_vendor:/opt/ros/jazzy DEBUGINFOD_URLS=https://debuginfod.ubuntu.com LD_LIBRARY_PATH=/home/bakelbakel/Documents/ros2_ex/install/my_robot_interfaces/lib:${LD_LIBRARY_PATH} PYTHONPATH=/home/bakelbakel/Documents/ros2_ex/build/my_py_pkg:/home/bakelbakel/Documents/ros2_ex/install/my_py_pkg/lib/python3.12/site-packages:/home/bakelbakel/Documents/ros2_ex/install/my_robot_interfaces/lib/python3.12/site-packages:${PYTHONPATH} /usr/bin/cmake --install /home/bakelbakel/Documents/ros2_ex/build/my_robot_bringup
[645.607s] Level 1:colcon.colcon_core.environment:checking '/home/bakelbakel/Documents/ros2_ex/install/my_robot_bringup' for CMake config files
[645.608s] Level 1:colcon.colcon_core.shell:create_environment_hook('my_robot_bringup', 'cmake_prefix_path')
[645.608s] INFO:colcon.colcon_core.shell:Creating environment hook '/home/bakelbakel/Documents/ros2_ex/install/my_robot_bringup/share/my_robot_bringup/hook/cmake_prefix_path.ps1'
[645.608s] INFO:colcon.colcon_core.shell:Creating environment descriptor '/home/bakelbakel/Documents/ros2_ex/install/my_robot_bringup/share/my_robot_bringup/hook/cmake_prefix_path.dsv'
[645.608s] INFO:colcon.colcon_core.shell:Creating environment hook '/home/bakelbakel/Documents/ros2_ex/install/my_robot_bringup/share/my_robot_bringup/hook/cmake_prefix_path.sh'
[645.609s] Level 1:colcon.colcon_core.environment:checking '/home/bakelbakel/Documents/ros2_ex/install/my_robot_bringup/bin'
[645.609s] Level 1:colcon.colcon_core.environment:checking '/home/bakelbakel/Documents/ros2_ex/install/my_robot_bringup/lib/pkgconfig/my_robot_bringup.pc'
[645.609s] Level 1:colcon.colcon_core.environment:checking '/home/bakelbakel/Documents/ros2_ex/install/my_robot_bringup/lib/python3.12/site-packages'
[645.609s] Level 1:colcon.colcon_core.environment:checking '/home/bakelbakel/Documents/ros2_ex/install/my_robot_bringup/bin'
[645.609s] INFO:colcon.colcon_core.shell:Creating package script '/home/bakelbakel/Documents/ros2_ex/install/my_robot_bringup/share/my_robot_bringup/package.ps1'
[645.609s] INFO:colcon.colcon_core.shell:Creating package descriptor '/home/bakelbakel/Documents/ros2_ex/install/my_robot_bringup/share/my_robot_bringup/package.dsv'
[645.609s] INFO:colcon.colcon_core.shell:Creating package script '/home/bakelbakel/Documents/ros2_ex/install/my_robot_bringup/share/my_robot_bringup/package.sh'
[645.610s] INFO:colcon.colcon_core.shell:Creating package script '/home/bakelbakel/Documents/ros2_ex/install/my_robot_bringup/share/my_robot_bringup/package.bash'
[645.610s] INFO:colcon.colcon_core.shell:Creating package script '/home/bakelbakel/Documents/ros2_ex/install/my_robot_bringup/share/my_robot_bringup/package.zsh'
[645.610s] Level 1:colcon.colcon_core.environment:create_file_with_runtime_dependencies(/home/bakelbakel/Documents/ros2_ex/install/my_robot_bringup/share/colcon-core/packages/my_robot_bringup)
[645.610s] Level 1:colcon.colcon_core.environment:create_environment_scripts_only(my_robot_bringup)
[645.610s] Level 1:colcon.colcon_core.environment:checking '/home/bakelbakel/Documents/ros2_ex/install/my_robot_bringup' for CMake module files
[645.611s] Level 1:colcon.colcon_core.environment:checking '/home/bakelbakel/Documents/ros2_ex/install/my_robot_bringup' for CMake config files
[645.611s] Level 1:colcon.colcon_core.shell:create_environment_hook('my_robot_bringup', 'cmake_prefix_path')
[645.611s] INFO:colcon.colcon_core.shell:Creating environment hook '/home/bakelbakel/Documents/ros2_ex/install/my_robot_bringup/share/my_robot_bringup/hook/cmake_prefix_path.ps1'
[645.611s] INFO:colcon.colcon_core.shell:Creating environment descriptor '/home/bakelbakel/Documents/ros2_ex/install/my_robot_bringup/share/my_robot_bringup/hook/cmake_prefix_path.dsv'
[645.611s] INFO:colcon.colcon_core.shell:Creating environment hook '/home/bakelbakel/Documents/ros2_ex/install/my_robot_bringup/share/my_robot_bringup/hook/cmake_prefix_path.sh'
[645.611s] Level 1:colcon.colcon_core.environment:checking '/home/bakelbakel/Documents/ros2_ex/install/my_robot_bringup/bin'
[645.611s] Level 1:colcon.colcon_core.environment:checking '/home/bakelbakel/Documents/ros2_ex/install/my_robot_bringup/lib/pkgconfig/my_robot_bringup.pc'
[645.612s] Level 1:colcon.colcon_core.environment:checking '/home/bakelbakel/Documents/ros2_ex/install/my_robot_bringup/lib/python3.12/site-packages'
[645.612s] Level 1:colcon.colcon_core.environment:checking '/home/bakelbakel/Documents/ros2_ex/install/my_robot_bringup/bin'
[645.612s] INFO:colcon.colcon_core.shell:Creating package script '/home/bakelbakel/Documents/ros2_ex/install/my_robot_bringup/share/my_robot_bringup/package.ps1'
[645.612s] INFO:colcon.colcon_core.shell:Creating package descriptor '/home/bakelbakel/Documents/ros2_ex/install/my_robot_bringup/share/my_robot_bringup/package.dsv'
[645.612s] INFO:colcon.colcon_core.shell:Creating package script '/home/bakelbakel/Documents/ros2_ex/install/my_robot_bringup/share/my_robot_bringup/package.sh'
[645.613s] INFO:colcon.colcon_core.shell:Creating package script '/home/bakelbakel/Documents/ros2_ex/install/my_robot_bringup/share/my_robot_bringup/package.bash'
[645.613s] INFO:colcon.colcon_core.shell:Creating package script '/home/bakelbakel/Documents/ros2_ex/install/my_robot_bringup/share/my_robot_bringup/package.zsh'
[645.613s] Level 1:colcon.colcon_core.environment:create_file_with_runtime_dependencies(/home/bakelbakel/Documents/ros2_ex/install/my_robot_bringup/share/colcon-core/packages/my_robot_bringup)
[645.614s] DEBUG:colcon.colcon_parallel_executor.executor.parallel:closing loop
[645.614s] DEBUG:colcon.colcon_parallel_executor.executor.parallel:loop closed
[645.614s] DEBUG:colcon.colcon_parallel_executor.executor.parallel:run_until_complete finished with '0'
[645.614s] DEBUG:colcon.colcon_core.event_reactor:joining thread
[645.635s] INFO:colcon.colcon_core.plugin_system:Skipping extension 'colcon_notification.desktop_notification.terminal_notifier': Not used on non-Darwin systems
[645.635s] INFO:colcon.colcon_core.plugin_system:Skipping extension 'colcon_notification.desktop_notification.win32': Not used on non-Windows systems
[645.635s] INFO:colcon.colcon_notification.desktop_notification:Sending desktop notification using 'notify2'
[645.681s] DEBUG:colcon.colcon_core.event_reactor:joined thread
[645.682s] INFO:colcon.colcon_core.shell:Creating prefix script '/home/bakelbakel/Documents/ros2_ex/install/local_setup.ps1'
[645.683s] INFO:colcon.colcon_core.shell:Creating prefix util module '/home/bakelbakel/Documents/ros2_ex/install/_local_setup_util_ps1.py'
[645.684s] INFO:colcon.colcon_core.shell:Creating prefix chain script '/home/bakelbakel/Documents/ros2_ex/install/setup.ps1'
[645.685s] INFO:colcon.colcon_core.shell:Creating prefix script '/home/bakelbakel/Documents/ros2_ex/install/local_setup.sh'
[645.685s] INFO:colcon.colcon_core.shell:Creating prefix util module '/home/bakelbakel/Documents/ros2_ex/install/_local_setup_util_sh.py'
[645.685s] INFO:colcon.colcon_core.shell:Creating prefix chain script '/home/bakelbakel/Documents/ros2_ex/install/setup.sh'
[645.686s] INFO:colcon.colcon_core.shell:Creating prefix script '/home/bakelbakel/Documents/ros2_ex/install/local_setup.bash'
[645.687s] INFO:colcon.colcon_core.shell:Creating prefix chain script '/home/bakelbakel/Documents/ros2_ex/install/setup.bash'
[645.688s] INFO:colcon.colcon_core.shell:Creating prefix script '/home/bakelbakel/Documents/ros2_ex/install/local_setup.zsh'
[645.689s] INFO:colcon.colcon_core.shell:Creating prefix chain script '/home/bakelbakel/Documents/ros2_ex/install/setup.zsh'
