running develop
running egg_info
creating my_py_pkg.egg-info
writing my_py_pkg.egg-info/PKG-INFO
writing dependency_links to my_py_pkg.egg-info/dependency_links.txt
writing entry points to my_py_pkg.egg-info/entry_points.txt
writing requirements to my_py_pkg.egg-info/requires.txt
writing top-level names to my_py_pkg.egg-info/top_level.txt
writing manifest file 'my_py_pkg.egg-info/SOURCES.txt'
reading manifest file 'my_py_pkg.egg-info/SOURCES.txt'
writing manifest file 'my_py_pkg.egg-info/SOURCES.txt'
running build_ext
Creating /home/bakelbakel/Documents/ros2_ex/install/my_py_pkg/lib/python3.12/site-packages/my-py-pkg.egg-link (link to .)
Installing add_two_ints_client script to /home/bakelbakel/Documents/ros2_ex/install/my_py_pkg/lib/my_py_pkg
Installing add_two_ints_client_no_oop script to /home/bakelbakel/Documents/ros2_ex/install/my_py_pkg/lib/my_py_pkg
Installing add_two_ints_server script to /home/bakelbakel/Documents/ros2_ex/install/my_py_pkg/lib/my_py_pkg
Installing battery script to /home/bakelbakel/Documents/ros2_ex/install/my_py_pkg/lib/my_py_pkg
Installing hw_status_publisher script to /home/bakelbakel/Documents/ros2_ex/install/my_py_pkg/lib/my_py_pkg
Installing led_panel script to /home/bakelbakel/Documents/ros2_ex/install/my_py_pkg/lib/my_py_pkg
Installing number_counter script to /home/bakelbakel/Documents/ros2_ex/install/my_py_pkg/lib/my_py_pkg
Installing number_publisher script to /home/bakelbakel/Documents/ros2_ex/install/my_py_pkg/lib/my_py_pkg
Installing py_node script to /home/bakelbakel/Documents/ros2_ex/install/my_py_pkg/lib/my_py_pkg
Installing robot_news_station script to /home/bakelbakel/Documents/ros2_ex/install/my_py_pkg/lib/my_py_pkg
Installing smartphone script to /home/bakelbakel/Documents/ros2_ex/install/my_py_pkg/lib/my_py_pkg

Installed /home/bakelbakel/Documents/ros2_ex/build/my_py_pkg
running symlink_data
creating /home/bakelbakel/Documents/ros2_ex/install/my_py_pkg/share/ament_index
creating /home/bakelbakel/Documents/ros2_ex/install/my_py_pkg/share/ament_index/resource_index
creating /home/bakelbakel/Documents/ros2_ex/install/my_py_pkg/share/ament_index/resource_index/packages
symbolically linking /home/bakelbakel/Documents/ros2_ex/build/my_py_pkg/resource/my_py_pkg -> /home/bakelbakel/Documents/ros2_ex/install/my_py_pkg/share/ament_index/resource_index/packages
symbolically linking /home/bakelbakel/Documents/ros2_ex/build/my_py_pkg/package.xml -> /home/bakelbakel/Documents/ros2_ex/install/my_py_pkg/share/my_py_pkg
